2021-07-27 10:45:05.501  INFO 8964 --- [main] c.example.checknut.CheckNutApplication   : Starting CheckNutApplication using Java 13.0.1 on Fan with PID 8964 (C:\Users\Fan\IdeaProjects\checkNut\target\classes started by Fan in C:\Users\Fan\IdeaProjects\checkNut)
2021-07-27 10:45:05.532  INFO 8964 --- [main] c.example.checknut.CheckNutApplication   : No active profile set, falling back to default profiles: default
2021-07-27 10:45:12.510  INFO 8964 --- [main] .s.d.r.c.RepositoryConfigurationDelegate : Multiple Spring Data modules found, entering strict repository configuration mode!
2021-07-27 10:45:12.511  INFO 8964 --- [main] .s.d.r.c.RepositoryConfigurationDelegate : Bootstrapping Spring Data JPA repositories in DEFAULT mode.
2021-07-27 10:45:12.713  INFO 8964 --- [main] .s.d.r.c.RepositoryConfigurationDelegate : Finished Spring Data repository scanning in 135 ms. Found 0 JPA repository interfaces.
2021-07-27 10:45:12.857  INFO 8964 --- [main] .s.d.r.c.RepositoryConfigurationDelegate : Multiple Spring Data modules found, entering strict repository configuration mode!
2021-07-27 10:45:12.870  INFO 8964 --- [main] .s.d.r.c.RepositoryConfigurationDelegate : Bootstrapping Spring Data Redis repositories in DEFAULT mode.
2021-07-27 10:45:13.106  INFO 8964 --- [main] .s.d.r.c.RepositoryConfigurationDelegate : Finished Spring Data repository scanning in 71 ms. Found 0 Redis repository interfaces.
2021-07-27 10:45:18.090  INFO 8964 --- [main] o.s.b.w.embedded.tomcat.TomcatWebServer  : Tomcat initialized with port(s): 8899 (http)
2021-07-27 10:45:18.178  INFO 8964 --- [main] o.apache.catalina.core.StandardService   : Starting service [Tomcat]
2021-07-27 10:45:18.179  INFO 8964 --- [main] org.apache.catalina.core.StandardEngine  : Starting Servlet engine: [Apache Tomcat/9.0.48]
2021-07-27 10:45:18.904  INFO 8964 --- [main] o.a.c.c.C.[Tomcat].[localhost].[/]       : Initializing Spring embedded WebApplicationContext
2021-07-27 10:45:18.905  INFO 8964 --- [main] w.s.c.ServletWebServerApplicationContext : Root WebApplicationContext: initialization completed in 12976 ms
2021-07-27 10:45:19.789  INFO 8964 --- [main] com.zaxxer.hikari.HikariDataSource       : HikariPool-1 - Starting...
2021-07-27 10:45:21.002  INFO 8964 --- [main] com.zaxxer.hikari.HikariDataSource       : HikariPool-1 - Start completed.
2021-07-27 10:45:21.529  INFO 8964 --- [main] o.hibernate.jpa.internal.util.LogHelper  : HHH000204: Processing PersistenceUnitInfo [name: default]
2021-07-27 10:45:22.172  INFO 8964 --- [main] org.hibernate.Version                    : HHH000412: Hibernate ORM core version 5.4.32.Final
2021-07-27 10:45:26.042  INFO 8964 --- [main] o.hibernate.annotations.common.Version   : HCANN000001: Hibernate Commons Annotations {5.1.2.Final}
2021-07-27 10:45:27.314  INFO 8964 --- [main] org.hibernate.dialect.Dialect            : HHH000400: Using dialect: org.hibernate.dialect.MySQL8Dialect
2021-07-27 10:45:28.531  INFO 8964 --- [main] o.h.e.t.j.p.i.JtaPlatformInitiator       : HHH000490: Using JtaPlatform implementation: [org.hibernate.engine.transaction.jta.platform.internal.NoJtaPlatform]
2021-07-27 10:45:28.589  INFO 8964 --- [main] j.LocalContainerEntityManagerFactoryBean : Initialized JPA EntityManagerFactory for persistence unit 'default'
2021-07-27 10:45:31.478  WARN 8964 --- [main] JpaBaseConfiguration$JpaWebConfiguration : spring.jpa.open-in-view is enabled by default. Therefore, database queries may be performed during view rendering. Explicitly configure spring.jpa.open-in-view to disable this warning
2021-07-27 10:45:37.133  INFO 8964 --- [main] o.s.b.w.embedded.tomcat.TomcatWebServer  : Tomcat started on port(s): 8899 (http) with context path ''
2021-07-27 10:45:37.467  INFO 8964 --- [main] c.example.checknut.CheckNutApplication   : Started CheckNutApplication in 35.246 seconds (JVM running for 40.055)
2021-07-27 10:47:32.349  INFO 8964 --- [http-nio-8899-exec-1] o.a.c.c.C.[Tomcat].[localhost].[/]       : Initializing Spring DispatcherServlet 'dispatcherServlet'
2021-07-27 10:47:32.350  INFO 8964 --- [http-nio-8899-exec-1] o.s.web.servlet.DispatcherServlet        : Initializing Servlet 'dispatcherServlet'
2021-07-27 10:47:32.351  INFO 8964 --- [http-nio-8899-exec-1] o.s.web.servlet.DispatcherServlet        : Completed initialization in 0 ms
2021-07-27 10:47:36.117  INFO 8964 --- [http-nio-8899-exec-2] c.e.checknut.controller.WebSocketServer  : 有新窗口开始监听:null,当前在线人数为1
2021-07-27 10:47:53.459  INFO 16536 --- [main] c.example.checknut.CheckNutApplication   : Starting CheckNutApplication using Java 13.0.1 on Fan with PID 16536 (C:\Users\Fan\IdeaProjects\checkNut\target\classes started by Fan in C:\Users\Fan\IdeaProjects\checkNut)
2021-07-27 10:47:53.464  INFO 16536 --- [main] c.example.checknut.CheckNutApplication   : No active profile set, falling back to default profiles: default
2021-07-27 10:47:54.700  INFO 16536 --- [main] .s.d.r.c.RepositoryConfigurationDelegate : Multiple Spring Data modules found, entering strict repository configuration mode!
2021-07-27 10:47:54.701  INFO 16536 --- [main] .s.d.r.c.RepositoryConfigurationDelegate : Bootstrapping Spring Data JPA repositories in DEFAULT mode.
2021-07-27 10:47:54.805  INFO 16536 --- [main] .s.d.r.c.RepositoryConfigurationDelegate : Finished Spring Data repository scanning in 89 ms. Found 0 JPA repository interfaces.
2021-07-27 10:47:54.848  INFO 16536 --- [main] .s.d.r.c.RepositoryConfigurationDelegate : Multiple Spring Data modules found, entering strict repository configuration mode!
2021-07-27 10:47:54.852  INFO 16536 --- [main] .s.d.r.c.RepositoryConfigurationDelegate : Bootstrapping Spring Data Redis repositories in DEFAULT mode.
2021-07-27 10:47:54.951  INFO 16536 --- [main] .s.d.r.c.RepositoryConfigurationDelegate : Finished Spring Data repository scanning in 83 ms. Found 0 Redis repository interfaces.
2021-07-27 10:47:56.014  INFO 16536 --- [main] o.s.b.w.embedded.tomcat.TomcatWebServer  : Tomcat initialized with port(s): 8899 (http)
2021-07-27 10:47:56.033  INFO 16536 --- [main] o.apache.catalina.core.StandardService   : Starting service [Tomcat]
2021-07-27 10:47:56.035  INFO 16536 --- [main] org.apache.catalina.core.StandardEngine  : Starting Servlet engine: [Apache Tomcat/9.0.48]
2021-07-27 10:47:56.352  INFO 16536 --- [main] o.a.c.c.C.[Tomcat].[localhost].[/]       : Initializing Spring embedded WebApplicationContext
2021-07-27 10:47:56.353  INFO 16536 --- [main] w.s.c.ServletWebServerApplicationContext : Root WebApplicationContext: initialization completed in 2804 ms
2021-07-27 10:47:56.548  INFO 16536 --- [main] com.zaxxer.hikari.HikariDataSource       : HikariPool-1 - Starting...
2021-07-27 10:47:56.734  INFO 16536 --- [main] com.zaxxer.hikari.HikariDataSource       : HikariPool-1 - Start completed.
2021-07-27 10:47:56.862  INFO 16536 --- [main] o.hibernate.jpa.internal.util.LogHelper  : HHH000204: Processing PersistenceUnitInfo [name: default]
2021-07-27 10:47:56.944  INFO 16536 --- [main] org.hibernate.Version                    : HHH000412: Hibernate ORM core version 5.4.32.Final
2021-07-27 10:47:57.144  INFO 16536 --- [main] o.hibernate.annotations.common.Version   : HCANN000001: Hibernate Commons Annotations {5.1.2.Final}
2021-07-27 10:47:57.308  INFO 16536 --- [main] org.hibernate.dialect.Dialect            : HHH000400: Using dialect: org.hibernate.dialect.MySQL8Dialect
2021-07-27 10:47:57.603  INFO 16536 --- [main] o.h.e.t.j.p.i.JtaPlatformInitiator       : HHH000490: Using JtaPlatform implementation: [org.hibernate.engine.transaction.jta.platform.internal.NoJtaPlatform]
2021-07-27 10:47:57.622  INFO 16536 --- [main] j.LocalContainerEntityManagerFactoryBean : Initialized JPA EntityManagerFactory for persistence unit 'default'
2021-07-27 10:47:58.304  WARN 16536 --- [main] JpaBaseConfiguration$JpaWebConfiguration : spring.jpa.open-in-view is enabled by default. Therefore, database queries may be performed during view rendering. Explicitly configure spring.jpa.open-in-view to disable this warning
2021-07-27 10:47:59.501  INFO 16536 --- [main] o.s.b.w.embedded.tomcat.TomcatWebServer  : Tomcat started on port(s): 8899 (http) with context path ''
2021-07-27 10:47:59.530  INFO 16536 --- [main] c.example.checknut.CheckNutApplication   : Started CheckNutApplication in 6.986 seconds (JVM running for 9.344)
2021-07-27 10:47:59.602  INFO 16536 --- [http-nio-8899-exec-1] o.a.c.c.C.[Tomcat].[localhost].[/]       : Initializing Spring DispatcherServlet 'dispatcherServlet'
2021-07-27 10:47:59.603  INFO 16536 --- [http-nio-8899-exec-1] o.s.web.servlet.DispatcherServlet        : Initializing Servlet 'dispatcherServlet'
2021-07-27 10:47:59.606  INFO 16536 --- [http-nio-8899-exec-1] o.s.web.servlet.DispatcherServlet        : Completed initialization in 2 ms
2021-07-27 10:47:59.718  INFO 16536 --- [http-nio-8899-exec-5] c.e.checknut.controller.WebSocketServer  : 有新窗口开始监听:null,当前在线人数为3
2021-07-27 10:47:59.720  INFO 16536 --- [http-nio-8899-exec-1] c.e.checknut.controller.WebSocketServer  : 有新窗口开始监听:null,当前在线人数为2
2021-07-27 10:47:59.720  INFO 16536 --- [http-nio-8899-exec-2] c.e.checknut.controller.WebSocketServer  : 有新窗口开始监听:null,当前在线人数为4
2021-07-27 10:47:59.725  INFO 16536 --- [http-nio-8899-exec-4] c.e.checknut.controller.WebSocketServer  : 有新窗口开始监听:null,当前在线人数为1
2021-07-27 10:47:59.726  INFO 16536 --- [http-nio-8899-exec-3] c.e.checknut.controller.WebSocketServer  : 有新窗口开始监听:null,当前在线人数为6
2021-07-27 10:47:59.728  INFO 16536 --- [http-nio-8899-exec-7] c.e.checknut.controller.WebSocketServer  : 有新窗口开始监听:null,当前在线人数为7
2021-07-27 10:47:59.725  INFO 16536 --- [http-nio-8899-exec-6] c.e.checknut.controller.WebSocketServer  : 有新窗口开始监听:null,当前在线人数为5
2021-07-27 10:47:59.740  INFO 16536 --- [http-nio-8899-exec-8] c.e.checknut.controller.WebSocketServer  : 有新窗口开始监听:null,当前在线人数为8
2021-07-27 10:48:30.252  INFO 16536 --- [http-nio-8899-exec-9] c.e.checknut.controller.WebSocketServer  : 有一连接关闭！当前在线人数为7
2021-07-27 10:48:30.824  INFO 16536 --- [http-nio-8899-exec-10] c.e.checknut.controller.WebSocketServer  : 有新窗口开始监听:null,当前在线人数为8
2021-07-27 10:48:33.675  INFO 16536 --- [http-nio-8899-exec-1] c.e.checknut.controller.WebSocketServer  : 有一连接关闭！当前在线人数为6
2021-07-27 10:48:33.676  INFO 16536 --- [http-nio-8899-exec-4] c.e.checknut.controller.WebSocketServer  : 有一连接关闭！当前在线人数为5
2021-07-27 10:48:33.675  INFO 16536 --- [http-nio-8899-exec-2] c.e.checknut.controller.WebSocketServer  : 有一连接关闭！当前在线人数为7
2021-07-27 10:48:33.676  INFO 16536 --- [http-nio-8899-exec-5] c.e.checknut.controller.WebSocketServer  : 有一连接关闭！当前在线人数为4
2021-07-27 10:48:33.677  INFO 16536 --- [http-nio-8899-exec-7] c.e.checknut.controller.WebSocketServer  : 有一连接关闭！当前在线人数为3
2021-07-27 10:48:33.677  INFO 16536 --- [http-nio-8899-exec-3] c.e.checknut.controller.WebSocketServer  : 有一连接关闭！当前在线人数为2
2021-07-27 10:48:33.678  INFO 16536 --- [http-nio-8899-exec-4] c.e.checknut.controller.WebSocketServer  : 有一连接关闭！当前在线人数为1
2021-07-27 10:48:33.679  INFO 16536 --- [http-nio-8899-exec-6] c.e.checknut.controller.WebSocketServer  : 有一连接关闭！当前在线人数为0
2021-07-27 10:48:34.125  INFO 16536 --- [http-nio-8899-exec-9] c.e.checknut.controller.WebSocketServer  : 有新窗口开始监听:null,当前在线人数为1
2021-07-27 10:50:15.503  INFO 15200 --- [main] c.example.checknut.CheckNutApplication   : Starting CheckNutApplication using Java 13.0.1 on Fan with PID 15200 (C:\Users\Fan\IdeaProjects\checkNut\target\classes started by Fan in C:\Users\Fan\IdeaProjects\checkNut)
2021-07-27 10:50:15.506  INFO 15200 --- [main] c.example.checknut.CheckNutApplication   : No active profile set, falling back to default profiles: default
2021-07-27 10:50:16.566  INFO 15200 --- [main] .s.d.r.c.RepositoryConfigurationDelegate : Multiple Spring Data modules found, entering strict repository configuration mode!
2021-07-27 10:50:16.567  INFO 15200 --- [main] .s.d.r.c.RepositoryConfigurationDelegate : Bootstrapping Spring Data JPA repositories in DEFAULT mode.
2021-07-27 10:50:16.652  INFO 15200 --- [main] .s.d.r.c.RepositoryConfigurationDelegate : Finished Spring Data repository scanning in 73 ms. Found 0 JPA repository interfaces.
2021-07-27 10:50:16.670  INFO 15200 --- [main] .s.d.r.c.RepositoryConfigurationDelegate : Multiple Spring Data modules found, entering strict repository configuration mode!
2021-07-27 10:50:16.672  INFO 15200 --- [main] .s.d.r.c.RepositoryConfigurationDelegate : Bootstrapping Spring Data Redis repositories in DEFAULT mode.
2021-07-27 10:50:16.741  INFO 15200 --- [main] .s.d.r.c.RepositoryConfigurationDelegate : Finished Spring Data repository scanning in 59 ms. Found 0 Redis repository interfaces.
2021-07-27 10:50:17.549  INFO 15200 --- [main] o.s.b.w.embedded.tomcat.TomcatWebServer  : Tomcat initialized with port(s): 8899 (http)
2021-07-27 10:50:17.563  INFO 15200 --- [main] o.apache.catalina.core.StandardService   : Starting service [Tomcat]
2021-07-27 10:50:17.564  INFO 15200 --- [main] org.apache.catalina.core.StandardEngine  : Starting Servlet engine: [Apache Tomcat/9.0.48]
2021-07-27 10:50:17.873  INFO 15200 --- [main] o.a.c.c.C.[Tomcat].[localhost].[/]       : Initializing Spring embedded WebApplicationContext
2021-07-27 10:50:17.874  INFO 15200 --- [main] w.s.c.ServletWebServerApplicationContext : Root WebApplicationContext: initialization completed in 2308 ms
2021-07-27 10:50:18.067  INFO 15200 --- [main] com.zaxxer.hikari.HikariDataSource       : HikariPool-1 - Starting...
2021-07-27 10:50:18.232  INFO 15200 --- [main] com.zaxxer.hikari.HikariDataSource       : HikariPool-1 - Start completed.
2021-07-27 10:50:18.357  INFO 15200 --- [main] o.hibernate.jpa.internal.util.LogHelper  : HHH000204: Processing PersistenceUnitInfo [name: default]
2021-07-27 10:50:18.428  INFO 15200 --- [main] org.hibernate.Version                    : HHH000412: Hibernate ORM core version 5.4.32.Final
2021-07-27 10:50:18.595  INFO 15200 --- [main] o.hibernate.annotations.common.Version   : HCANN000001: Hibernate Commons Annotations {5.1.2.Final}
2021-07-27 10:50:18.754  INFO 15200 --- [main] org.hibernate.dialect.Dialect            : HHH000400: Using dialect: org.hibernate.dialect.MySQL8Dialect
2021-07-27 10:50:18.984  INFO 15200 --- [main] o.h.e.t.j.p.i.JtaPlatformInitiator       : HHH000490: Using JtaPlatform implementation: [org.hibernate.engine.transaction.jta.platform.internal.NoJtaPlatform]
2021-07-27 10:50:19.002  INFO 15200 --- [main] j.LocalContainerEntityManagerFactoryBean : Initialized JPA EntityManagerFactory for persistence unit 'default'
2021-07-27 10:50:19.726  WARN 15200 --- [main] JpaBaseConfiguration$JpaWebConfiguration : spring.jpa.open-in-view is enabled by default. Therefore, database queries may be performed during view rendering. Explicitly configure spring.jpa.open-in-view to disable this warning
2021-07-27 10:50:20.829  INFO 15200 --- [main] o.s.b.w.embedded.tomcat.TomcatWebServer  : Tomcat started on port(s): 8899 (http) with context path ''
2021-07-27 10:50:20.855  INFO 15200 --- [main] c.example.checknut.CheckNutApplication   : Started CheckNutApplication in 6.057 seconds (JVM running for 8.086)
2021-07-27 10:50:20.904  INFO 15200 --- [http-nio-8899-exec-1] o.a.c.c.C.[Tomcat].[localhost].[/]       : Initializing Spring DispatcherServlet 'dispatcherServlet'
2021-07-27 10:50:20.905  INFO 15200 --- [http-nio-8899-exec-1] o.s.web.servlet.DispatcherServlet        : Initializing Servlet 'dispatcherServlet'
2021-07-27 10:50:20.907  INFO 15200 --- [http-nio-8899-exec-1] o.s.web.servlet.DispatcherServlet        : Completed initialization in 1 ms
2021-07-27 10:50:20.978  INFO 15200 --- [http-nio-8899-exec-1] c.e.checknut.controller.WebSocketServer  : 有新窗口开始监听:null,当前在线人数为1
2021-07-27 10:53:21.388  INFO 12576 --- [main] c.example.checknut.CheckNutApplication   : Starting CheckNutApplication using Java 13.0.1 on Fan with PID 12576 (C:\Users\Fan\IdeaProjects\checkNut\target\classes started by Fan in C:\Users\Fan\IdeaProjects\checkNut)
2021-07-27 10:53:21.391  INFO 12576 --- [main] c.example.checknut.CheckNutApplication   : No active profile set, falling back to default profiles: default
2021-07-27 10:53:22.481  INFO 12576 --- [main] .s.d.r.c.RepositoryConfigurationDelegate : Multiple Spring Data modules found, entering strict repository configuration mode!
2021-07-27 10:53:22.482  INFO 12576 --- [main] .s.d.r.c.RepositoryConfigurationDelegate : Bootstrapping Spring Data JPA repositories in DEFAULT mode.
2021-07-27 10:53:22.574  INFO 12576 --- [main] .s.d.r.c.RepositoryConfigurationDelegate : Finished Spring Data repository scanning in 81 ms. Found 0 JPA repository interfaces.
2021-07-27 10:53:22.601  INFO 12576 --- [main] .s.d.r.c.RepositoryConfigurationDelegate : Multiple Spring Data modules found, entering strict repository configuration mode!
2021-07-27 10:53:22.603  INFO 12576 --- [main] .s.d.r.c.RepositoryConfigurationDelegate : Bootstrapping Spring Data Redis repositories in DEFAULT mode.
2021-07-27 10:53:22.686  INFO 12576 --- [main] .s.d.r.c.RepositoryConfigurationDelegate : Finished Spring Data repository scanning in 58 ms. Found 0 Redis repository interfaces.
2021-07-27 10:53:23.466  INFO 12576 --- [main] o.s.b.w.embedded.tomcat.TomcatWebServer  : Tomcat initialized with port(s): 8899 (http)
2021-07-27 10:53:23.479  INFO 12576 --- [main] o.apache.catalina.core.StandardService   : Starting service [Tomcat]
2021-07-27 10:53:23.479  INFO 12576 --- [main] org.apache.catalina.core.StandardEngine  : Starting Servlet engine: [Apache Tomcat/9.0.48]
2021-07-27 10:53:23.781  INFO 12576 --- [main] o.a.c.c.C.[Tomcat].[localhost].[/]       : Initializing Spring embedded WebApplicationContext
2021-07-27 10:53:23.781  INFO 12576 --- [main] w.s.c.ServletWebServerApplicationContext : Root WebApplicationContext: initialization completed in 2333 ms
2021-07-27 10:53:23.971  INFO 12576 --- [main] com.zaxxer.hikari.HikariDataSource       : HikariPool-1 - Starting...
2021-07-27 10:53:24.134  INFO 12576 --- [main] com.zaxxer.hikari.HikariDataSource       : HikariPool-1 - Start completed.
2021-07-27 10:53:24.239  INFO 12576 --- [main] o.hibernate.jpa.internal.util.LogHelper  : HHH000204: Processing PersistenceUnitInfo [name: default]
2021-07-27 10:53:24.309  INFO 12576 --- [main] org.hibernate.Version                    : HHH000412: Hibernate ORM core version 5.4.32.Final
2021-07-27 10:53:24.471  INFO 12576 --- [main] o.hibernate.annotations.common.Version   : HCANN000001: Hibernate Commons Annotations {5.1.2.Final}
2021-07-27 10:53:24.635  INFO 12576 --- [main] org.hibernate.dialect.Dialect            : HHH000400: Using dialect: org.hibernate.dialect.MySQL8Dialect
2021-07-27 10:53:24.859  INFO 12576 --- [main] o.h.e.t.j.p.i.JtaPlatformInitiator       : HHH000490: Using JtaPlatform implementation: [org.hibernate.engine.transaction.jta.platform.internal.NoJtaPlatform]
2021-07-27 10:53:24.876  INFO 12576 --- [main] j.LocalContainerEntityManagerFactoryBean : Initialized JPA EntityManagerFactory for persistence unit 'default'
2021-07-27 10:53:25.510  WARN 12576 --- [main] JpaBaseConfiguration$JpaWebConfiguration : spring.jpa.open-in-view is enabled by default. Therefore, database queries may be performed during view rendering. Explicitly configure spring.jpa.open-in-view to disable this warning
2021-07-27 10:53:26.635  INFO 12576 --- [main] o.s.b.w.embedded.tomcat.TomcatWebServer  : Tomcat started on port(s): 8899 (http) with context path ''
2021-07-27 10:53:26.659  INFO 12576 --- [main] c.example.checknut.CheckNutApplication   : Started CheckNutApplication in 6.061 seconds (JVM running for 7.758)
2021-07-27 10:53:26.708  INFO 12576 --- [http-nio-8899-exec-1] o.a.c.c.C.[Tomcat].[localhost].[/]       : Initializing Spring DispatcherServlet 'dispatcherServlet'
2021-07-27 10:53:26.709  INFO 12576 --- [http-nio-8899-exec-1] o.s.web.servlet.DispatcherServlet        : Initializing Servlet 'dispatcherServlet'
2021-07-27 10:53:26.711  INFO 12576 --- [http-nio-8899-exec-1] o.s.web.servlet.DispatcherServlet        : Completed initialization in 2 ms
2021-07-27 10:53:26.780  INFO 12576 --- [http-nio-8899-exec-1] c.e.checknut.controller.WebSocketServer  : 有新窗口开始监听:null,当前在线人数为1
2021-07-27 10:56:51.117  INFO 3952 --- [main] c.example.checknut.CheckNutApplication   : Starting CheckNutApplication using Java 13.0.1 on Fan with PID 3952 (C:\Users\Fan\IdeaProjects\checkNut\target\classes started by Fan in C:\Users\Fan\IdeaProjects\checkNut)
2021-07-27 10:56:51.122  INFO 3952 --- [main] c.example.checknut.CheckNutApplication   : No active profile set, falling back to default profiles: default
2021-07-27 10:56:52.174  INFO 3952 --- [main] .s.d.r.c.RepositoryConfigurationDelegate : Multiple Spring Data modules found, entering strict repository configuration mode!
2021-07-27 10:56:52.175  INFO 3952 --- [main] .s.d.r.c.RepositoryConfigurationDelegate : Bootstrapping Spring Data JPA repositories in DEFAULT mode.
2021-07-27 10:56:52.259  INFO 3952 --- [main] .s.d.r.c.RepositoryConfigurationDelegate : Finished Spring Data repository scanning in 74 ms. Found 0 JPA repository interfaces.
2021-07-27 10:56:52.287  INFO 3952 --- [main] .s.d.r.c.RepositoryConfigurationDelegate : Multiple Spring Data modules found, entering strict repository configuration mode!
2021-07-27 10:56:52.288  INFO 3952 --- [main] .s.d.r.c.RepositoryConfigurationDelegate : Bootstrapping Spring Data Redis repositories in DEFAULT mode.
2021-07-27 10:56:52.360  INFO 3952 --- [main] .s.d.r.c.RepositoryConfigurationDelegate : Finished Spring Data repository scanning in 60 ms. Found 0 Redis repository interfaces.
2021-07-27 10:56:53.179  INFO 3952 --- [main] o.s.b.w.embedded.tomcat.TomcatWebServer  : Tomcat initialized with port(s): 8899 (http)
2021-07-27 10:56:53.196  INFO 3952 --- [main] o.apache.catalina.core.StandardService   : Starting service [Tomcat]
2021-07-27 10:56:53.197  INFO 3952 --- [main] org.apache.catalina.core.StandardEngine  : Starting Servlet engine: [Apache Tomcat/9.0.48]
2021-07-27 10:56:53.537  INFO 3952 --- [main] o.a.c.c.C.[Tomcat].[localhost].[/]       : Initializing Spring embedded WebApplicationContext
2021-07-27 10:56:53.538  INFO 3952 --- [main] w.s.c.ServletWebServerApplicationContext : Root WebApplicationContext: initialization completed in 2352 ms
2021-07-27 10:56:53.771  INFO 3952 --- [main] com.zaxxer.hikari.HikariDataSource       : HikariPool-1 - Starting...
2021-07-27 10:56:53.950  INFO 3952 --- [main] com.zaxxer.hikari.HikariDataSource       : HikariPool-1 - Start completed.
2021-07-27 10:56:54.148  INFO 3952 --- [main] o.hibernate.jpa.internal.util.LogHelper  : HHH000204: Processing PersistenceUnitInfo [name: default]
2021-07-27 10:56:54.252  INFO 3952 --- [main] org.hibernate.Version                    : HHH000412: Hibernate ORM core version 5.4.32.Final
2021-07-27 10:56:54.469  INFO 3952 --- [main] o.hibernate.annotations.common.Version   : HCANN000001: Hibernate Commons Annotations {5.1.2.Final}
2021-07-27 10:56:54.687  INFO 3952 --- [main] org.hibernate.dialect.Dialect            : HHH000400: Using dialect: org.hibernate.dialect.MySQL8Dialect
2021-07-27 10:56:54.999  INFO 3952 --- [main] o.h.e.t.j.p.i.JtaPlatformInitiator       : HHH000490: Using JtaPlatform implementation: [org.hibernate.engine.transaction.jta.platform.internal.NoJtaPlatform]
2021-07-27 10:56:55.015  INFO 3952 --- [main] j.LocalContainerEntityManagerFactoryBean : Initialized JPA EntityManagerFactory for persistence unit 'default'
2021-07-27 10:56:55.822  WARN 3952 --- [main] JpaBaseConfiguration$JpaWebConfiguration : spring.jpa.open-in-view is enabled by default. Therefore, database queries may be performed during view rendering. Explicitly configure spring.jpa.open-in-view to disable this warning
2021-07-27 10:56:56.970  INFO 3952 --- [main] o.s.b.w.embedded.tomcat.TomcatWebServer  : Tomcat started on port(s): 8899 (http) with context path ''
2021-07-27 10:56:56.993  INFO 3952 --- [main] c.example.checknut.CheckNutApplication   : Started CheckNutApplication in 6.741 seconds (JVM running for 8.623)
2021-07-27 10:56:59.215  INFO 3952 --- [http-nio-8899-exec-1] o.a.c.c.C.[Tomcat].[localhost].[/]       : Initializing Spring DispatcherServlet 'dispatcherServlet'
2021-07-27 10:56:59.217  INFO 3952 --- [http-nio-8899-exec-1] o.s.web.servlet.DispatcherServlet        : Initializing Servlet 'dispatcherServlet'
2021-07-27 10:56:59.218  INFO 3952 --- [http-nio-8899-exec-1] o.s.web.servlet.DispatcherServlet        : Completed initialization in 1 ms
2021-07-27 10:56:59.288  INFO 3952 --- [http-nio-8899-exec-1] c.e.checknut.controller.WebSocketServer  : 有新窗口开始监听:null,当前在线人数为1
2021-07-27 10:57:06.028  INFO 3952 --- [Thread-1] c.e.checknut.controller.WebSocketServer  : 推送消息到窗口null，推送内容:{result=2, conformNum=62, unConformNum=50, nut4=2, nut3=2, totalNum=112, nut2=2, nut1=1, nut7=2, nut6=2, nut5=2, checkResult=1}
2021-07-27 10:57:06.029  INFO 3952 --- [Thread-1] c.e.checknut.listener.FileListener       : =OK======检验信息写入完成=======
2021-07-27 11:18:09.237  INFO 4052 --- [main] c.example.checknut.CheckNutApplication   : Starting CheckNutApplication using Java 13.0.1 on Fan with PID 4052 (C:\Users\Fan\IdeaProjects\checkNut\target\classes started by Fan in C:\Users\Fan\IdeaProjects\checkNut)
2021-07-27 11:18:09.240  INFO 4052 --- [main] c.example.checknut.CheckNutApplication   : No active profile set, falling back to default profiles: default
2021-07-27 11:18:10.330  INFO 4052 --- [main] .s.d.r.c.RepositoryConfigurationDelegate : Multiple Spring Data modules found, entering strict repository configuration mode!
2021-07-27 11:18:10.331  INFO 4052 --- [main] .s.d.r.c.RepositoryConfigurationDelegate : Bootstrapping Spring Data JPA repositories in DEFAULT mode.
2021-07-27 11:18:10.416  INFO 4052 --- [main] .s.d.r.c.RepositoryConfigurationDelegate : Finished Spring Data repository scanning in 74 ms. Found 0 JPA repository interfaces.
2021-07-27 11:18:10.435  INFO 4052 --- [main] .s.d.r.c.RepositoryConfigurationDelegate : Multiple Spring Data modules found, entering strict repository configuration mode!
2021-07-27 11:18:10.436  INFO 4052 --- [main] .s.d.r.c.RepositoryConfigurationDelegate : Bootstrapping Spring Data Redis repositories in DEFAULT mode.
2021-07-27 11:18:10.513  INFO 4052 --- [main] .s.d.r.c.RepositoryConfigurationDelegate : Finished Spring Data repository scanning in 61 ms. Found 0 Redis repository interfaces.
2021-07-27 11:18:11.363  INFO 4052 --- [main] o.s.b.w.embedded.tomcat.TomcatWebServer  : Tomcat initialized with port(s): 8899 (http)
2021-07-27 11:18:11.376  INFO 4052 --- [main] o.apache.catalina.core.StandardService   : Starting service [Tomcat]
2021-07-27 11:18:11.378  INFO 4052 --- [main] org.apache.catalina.core.StandardEngine  : Starting Servlet engine: [Apache Tomcat/9.0.48]
2021-07-27 11:18:11.687  INFO 4052 --- [main] o.a.c.c.C.[Tomcat].[localhost].[/]       : Initializing Spring embedded WebApplicationContext
2021-07-27 11:18:11.688  INFO 4052 --- [main] w.s.c.ServletWebServerApplicationContext : Root WebApplicationContext: initialization completed in 2387 ms
2021-07-27 11:18:11.884  INFO 4052 --- [main] com.zaxxer.hikari.HikariDataSource       : HikariPool-1 - Starting...
2021-07-27 11:18:12.054  INFO 4052 --- [main] com.zaxxer.hikari.HikariDataSource       : HikariPool-1 - Start completed.
2021-07-27 11:18:12.171  INFO 4052 --- [main] o.hibernate.jpa.internal.util.LogHelper  : HHH000204: Processing PersistenceUnitInfo [name: default]
2021-07-27 11:18:12.247  INFO 4052 --- [main] org.hibernate.Version                    : HHH000412: Hibernate ORM core version 5.4.32.Final
2021-07-27 11:18:12.414  INFO 4052 --- [main] o.hibernate.annotations.common.Version   : HCANN000001: Hibernate Commons Annotations {5.1.2.Final}
2021-07-27 11:18:12.575  INFO 4052 --- [main] org.hibernate.dialect.Dialect            : HHH000400: Using dialect: org.hibernate.dialect.MySQL8Dialect
2021-07-27 11:18:12.819  INFO 4052 --- [main] o.h.e.t.j.p.i.JtaPlatformInitiator       : HHH000490: Using JtaPlatform implementation: [org.hibernate.engine.transaction.jta.platform.internal.NoJtaPlatform]
2021-07-27 11:18:12.838  INFO 4052 --- [main] j.LocalContainerEntityManagerFactoryBean : Initialized JPA EntityManagerFactory for persistence unit 'default'
2021-07-27 11:18:13.488  WARN 4052 --- [main] JpaBaseConfiguration$JpaWebConfiguration : spring.jpa.open-in-view is enabled by default. Therefore, database queries may be performed during view rendering. Explicitly configure spring.jpa.open-in-view to disable this warning
2021-07-27 11:18:14.647  INFO 4052 --- [main] o.s.b.w.embedded.tomcat.TomcatWebServer  : Tomcat started on port(s): 8899 (http) with context path ''
2021-07-27 11:18:14.672  INFO 4052 --- [main] c.example.checknut.CheckNutApplication   : Started CheckNutApplication in 6.28 seconds (JVM running for 8.463)
2021-07-27 11:18:14.720  INFO 4052 --- [http-nio-8899-exec-1] o.a.c.c.C.[Tomcat].[localhost].[/]       : Initializing Spring DispatcherServlet 'dispatcherServlet'
2021-07-27 11:18:14.721  INFO 4052 --- [http-nio-8899-exec-1] o.s.web.servlet.DispatcherServlet        : Initializing Servlet 'dispatcherServlet'
2021-07-27 11:18:14.723  INFO 4052 --- [http-nio-8899-exec-1] o.s.web.servlet.DispatcherServlet        : Completed initialization in 1 ms
2021-07-27 11:18:14.800  INFO 4052 --- [http-nio-8899-exec-1] c.e.checknut.controller.WebSocketServer  : 有新窗口开始监听:null,当前在线人数为1
2021-07-27 11:18:28.472  INFO 4052 --- [Thread-1] c.e.checknut.controller.WebSocketServer  : 推送消息到窗口null，推送内容:{result=2, conformNum=63, unConformNum=50, nut4=2, nut3=2, totalNum=113, nut2=2, nut1=1, nut7=2, nut6=2, nut5=2, checkResult=1}
2021-07-27 11:18:28.473  INFO 4052 --- [Thread-1] c.e.checknut.listener.FileListener       : =OK======检验信息写入完成=======
2021-07-27 11:22:24.103  INFO 4052 --- [http-nio-8899-exec-2] c.e.checknut.controller.WebSocketServer  : 有一连接关闭！当前在线人数为0
2021-07-27 11:22:24.141  INFO 4052 --- [http-nio-8899-exec-3] c.e.checknut.controller.WebSocketServer  : 有新窗口开始监听:null,当前在线人数为1
2021-07-27 11:22:24.153  INFO 4052 --- [http-nio-8899-exec-4] c.e.checknut.controller.WebSocketServer  : 有一连接关闭！当前在线人数为0
2021-07-27 11:22:24.809  INFO 4052 --- [http-nio-8899-exec-5] c.e.checknut.controller.WebSocketServer  : 有新窗口开始监听:null,当前在线人数为1
2021-07-27 11:22:26.432  INFO 4052 --- [http-nio-8899-exec-6] c.e.checknut.controller.WebSocketServer  : 有一连接关闭！当前在线人数为0
2021-07-27 11:22:26.891  INFO 4052 --- [http-nio-8899-exec-7] c.e.checknut.controller.WebSocketServer  : 有新窗口开始监听:null,当前在线人数为1
2021-07-27 11:24:07.362  INFO 4052 --- [http-nio-8899-exec-8] c.e.checknut.controller.WebSocketServer  : 有一连接关闭！当前在线人数为0
2021-07-27 11:24:07.563  INFO 4052 --- [http-nio-8899-exec-9] c.e.checknut.controller.WebSocketServer  : 有新窗口开始监听:null,当前在线人数为1
2021-07-27 11:30:33.725  INFO 4052 --- [http-nio-8899-exec-10] c.e.checknut.controller.WebSocketServer  : 有一连接关闭！当前在线人数为0
2021-07-27 11:30:33.923  INFO 4052 --- [http-nio-8899-exec-1] c.e.checknut.controller.WebSocketServer  : 有新窗口开始监听:null,当前在线人数为1
2021-07-27 11:30:41.492  INFO 4052 --- [http-nio-8899-exec-2] c.e.checknut.controller.WebSocketServer  : 有一连接关闭！当前在线人数为0
2021-07-27 11:30:41.731  INFO 4052 --- [http-nio-8899-exec-3] c.e.checknut.controller.WebSocketServer  : 有新窗口开始监听:null,当前在线人数为1
2021-07-27 11:30:42.556  INFO 4052 --- [http-nio-8899-exec-4] c.e.checknut.controller.WebSocketServer  : 有一连接关闭！当前在线人数为0
2021-07-27 11:30:42.741  INFO 4052 --- [http-nio-8899-exec-5] c.e.checknut.controller.WebSocketServer  : 有新窗口开始监听:null,当前在线人数为1
2021-07-27 11:31:07.577  INFO 4052 --- [http-nio-8899-exec-6] c.e.checknut.controller.WebSocketServer  : 有一连接关闭！当前在线人数为0
2021-07-27 11:31:07.739  INFO 4052 --- [http-nio-8899-exec-7] c.e.checknut.controller.WebSocketServer  : 有新窗口开始监听:null,当前在线人数为1
2021-07-27 11:31:07.913  INFO 4052 --- [http-nio-8899-exec-8] c.e.checknut.controller.WebSocketServer  : 有一连接关闭！当前在线人数为0
2021-07-27 11:31:08.364  INFO 4052 --- [http-nio-8899-exec-9] c.e.checknut.controller.WebSocketServer  : 有新窗口开始监听:null,当前在线人数为1
2021-07-27 11:31:08.668  INFO 4052 --- [http-nio-8899-exec-10] c.e.checknut.controller.WebSocketServer  : 有一连接关闭！当前在线人数为0
2021-07-27 11:31:08.848  INFO 4052 --- [http-nio-8899-exec-1] c.e.checknut.controller.WebSocketServer  : 有新窗口开始监听:null,当前在线人数为1
2021-07-27 11:31:10.792  INFO 4052 --- [http-nio-8899-exec-2] c.e.checknut.controller.WebSocketServer  : 有一连接关闭！当前在线人数为0
2021-07-27 11:31:10.951  INFO 4052 --- [http-nio-8899-exec-3] c.e.checknut.controller.WebSocketServer  : 有新窗口开始监听:null,当前在线人数为1
2021-07-27 11:31:28.385  INFO 4052 --- [http-nio-8899-exec-4] c.e.checknut.controller.WebSocketServer  : 有一连接关闭！当前在线人数为0
2021-07-27 11:31:28.762  INFO 4052 --- [http-nio-8899-exec-5] c.e.checknut.controller.WebSocketServer  : 有新窗口开始监听:null,当前在线人数为1
2021-07-27 11:36:18.763  INFO 4052 --- [http-nio-8899-exec-6] c.e.checknut.controller.WebSocketServer  : 有新窗口开始监听:null,当前在线人数为2
2021-07-27 11:36:31.548  INFO 4052 --- [http-nio-8899-exec-7] c.e.checknut.controller.WebSocketServer  : 有新窗口开始监听:null,当前在线人数为3
2021-07-27 11:37:01.998  INFO 4052 --- [http-nio-8899-exec-9] c.e.checknut.controller.WebSocketServer  : 有新窗口开始监听:null,当前在线人数为4
2021-07-27 11:42:39.893  INFO 4052 --- [http-nio-8899-exec-1] c.e.checknut.controller.WebSocketServer  : 有一连接关闭！当前在线人数为3
2021-07-27 11:42:40.243  INFO 4052 --- [http-nio-8899-exec-2] c.e.checknut.controller.WebSocketServer  : 有一连接关闭！当前在线人数为2
2021-07-27 11:42:40.243  INFO 4052 --- [http-nio-8899-exec-3] c.e.checknut.controller.WebSocketServer  : 有一连接关闭！当前在线人数为1
2021-07-27 11:42:40.244  INFO 4052 --- [http-nio-8899-exec-4] c.e.checknut.controller.WebSocketServer  : 有一连接关闭！当前在线人数为0
2021-07-27 13:35:44.935  INFO 15432 --- [main] c.example.checknut.CheckNutApplication   : Starting CheckNutApplication using Java 13.0.1 on Fan with PID 15432 (C:\Users\Fan\IdeaProjects\checkNut\target\classes started by Fan in C:\Users\Fan\IdeaProjects\checkNut)
2021-07-27 13:35:44.939  INFO 15432 --- [main] c.example.checknut.CheckNutApplication   : No active profile set, falling back to default profiles: default
2021-07-27 13:35:46.124  INFO 15432 --- [main] .s.d.r.c.RepositoryConfigurationDelegate : Multiple Spring Data modules found, entering strict repository configuration mode!
2021-07-27 13:35:46.125  INFO 15432 --- [main] .s.d.r.c.RepositoryConfigurationDelegate : Bootstrapping Spring Data JPA repositories in DEFAULT mode.
2021-07-27 13:35:46.250  INFO 15432 --- [main] .s.d.r.c.RepositoryConfigurationDelegate : Finished Spring Data repository scanning in 113 ms. Found 0 JPA repository interfaces.
2021-07-27 13:35:46.278  INFO 15432 --- [main] .s.d.r.c.RepositoryConfigurationDelegate : Multiple Spring Data modules found, entering strict repository configuration mode!
2021-07-27 13:35:46.279  INFO 15432 --- [main] .s.d.r.c.RepositoryConfigurationDelegate : Bootstrapping Spring Data Redis repositories in DEFAULT mode.
2021-07-27 13:35:46.352  INFO 15432 --- [main] .s.d.r.c.RepositoryConfigurationDelegate : Finished Spring Data repository scanning in 61 ms. Found 0 Redis repository interfaces.
2021-07-27 13:35:47.190  INFO 15432 --- [main] o.s.b.w.embedded.tomcat.TomcatWebServer  : Tomcat initialized with port(s): 8899 (http)
2021-07-27 13:35:47.205  INFO 15432 --- [main] o.apache.catalina.core.StandardService   : Starting service [Tomcat]
2021-07-27 13:35:47.206  INFO 15432 --- [main] org.apache.catalina.core.StandardEngine  : Starting Servlet engine: [Apache Tomcat/9.0.48]
2021-07-27 13:35:47.521  INFO 15432 --- [main] o.a.c.c.C.[Tomcat].[localhost].[/]       : Initializing Spring embedded WebApplicationContext
2021-07-27 13:35:47.522  INFO 15432 --- [main] w.s.c.ServletWebServerApplicationContext : Root WebApplicationContext: initialization completed in 2518 ms
2021-07-27 13:35:47.725  INFO 15432 --- [main] com.zaxxer.hikari.HikariDataSource       : HikariPool-1 - Starting...
2021-07-27 13:35:47.886  INFO 15432 --- [main] com.zaxxer.hikari.HikariDataSource       : HikariPool-1 - Start completed.
2021-07-27 13:35:48.005  INFO 15432 --- [main] o.hibernate.jpa.internal.util.LogHelper  : HHH000204: Processing PersistenceUnitInfo [name: default]
2021-07-27 13:35:48.077  INFO 15432 --- [main] org.hibernate.Version                    : HHH000412: Hibernate ORM core version 5.4.32.Final
2021-07-27 13:35:48.251  INFO 15432 --- [main] o.hibernate.annotations.common.Version   : HCANN000001: Hibernate Commons Annotations {5.1.2.Final}
2021-07-27 13:35:48.444  INFO 15432 --- [main] org.hibernate.dialect.Dialect            : HHH000400: Using dialect: org.hibernate.dialect.MySQL8Dialect
2021-07-27 13:35:48.707  INFO 15432 --- [main] o.h.e.t.j.p.i.JtaPlatformInitiator       : HHH000490: Using JtaPlatform implementation: [org.hibernate.engine.transaction.jta.platform.internal.NoJtaPlatform]
2021-07-27 13:35:48.725  INFO 15432 --- [main] j.LocalContainerEntityManagerFactoryBean : Initialized JPA EntityManagerFactory for persistence unit 'default'
2021-07-27 13:35:49.383  WARN 15432 --- [main] JpaBaseConfiguration$JpaWebConfiguration : spring.jpa.open-in-view is enabled by default. Therefore, database queries may be performed during view rendering. Explicitly configure spring.jpa.open-in-view to disable this warning
2021-07-27 13:35:50.524  INFO 15432 --- [main] o.s.b.w.embedded.tomcat.TomcatWebServer  : Tomcat started on port(s): 8899 (http) with context path ''
2021-07-27 13:35:50.548  INFO 15432 --- [main] c.example.checknut.CheckNutApplication   : Started CheckNutApplication in 6.348 seconds (JVM running for 8.129)
2021-07-27 13:36:00.069  INFO 15432 --- [http-nio-8899-exec-1] o.a.c.c.C.[Tomcat].[localhost].[/]       : Initializing Spring DispatcherServlet 'dispatcherServlet'
2021-07-27 13:36:00.071  INFO 15432 --- [http-nio-8899-exec-1] o.s.web.servlet.DispatcherServlet        : Initializing Servlet 'dispatcherServlet'
2021-07-27 13:36:00.073  INFO 15432 --- [http-nio-8899-exec-1] o.s.web.servlet.DispatcherServlet        : Completed initialization in 1 ms
2021-07-27 13:36:03.062  INFO 15432 --- [http-nio-8899-exec-2] c.e.checknut.controller.WebSocketServer  : 有新窗口开始监听:null,当前在线人数为1
2021-07-27 13:36:24.357  INFO 15432 --- [Thread-1] c.e.checknut.controller.WebSocketServer  : 推送消息到窗口null，推送内容:{result=2, conformNum=64, unConformNum=50, nut4=2, nut3=2, totalNum=114, nut2=2, nut1=1, nut7=2, nut6=2, nut5=2, checkResult=1}
2021-07-27 13:36:24.358  INFO 15432 --- [Thread-1] c.e.checknut.listener.FileListener       : =OK======检验信息写入完成=======
2021-07-27 14:07:08.376  INFO 16128 --- [main] c.e.c.service.imp.CheckInfoMonthImpTest  : Starting CheckInfoMonthImpTest using Java 13.0.1 on Fan with PID 16128 (started by Fan in C:\Users\Fan\IdeaProjects\checkNut)
2021-07-27 14:07:08.380  INFO 16128 --- [main] c.e.c.service.imp.CheckInfoMonthImpTest  : No active profile set, falling back to default profiles: default
2021-07-27 14:07:10.227  INFO 16128 --- [main] .s.d.r.c.RepositoryConfigurationDelegate : Multiple Spring Data modules found, entering strict repository configuration mode!
2021-07-27 14:07:10.238  INFO 16128 --- [main] .s.d.r.c.RepositoryConfigurationDelegate : Bootstrapping Spring Data JPA repositories in DEFAULT mode.
2021-07-27 14:07:10.363  INFO 16128 --- [main] .s.d.r.c.RepositoryConfigurationDelegate : Finished Spring Data repository scanning in 108 ms. Found 0 JPA repository interfaces.
2021-07-27 14:07:10.391  INFO 16128 --- [main] .s.d.r.c.RepositoryConfigurationDelegate : Multiple Spring Data modules found, entering strict repository configuration mode!
2021-07-27 14:07:10.399  INFO 16128 --- [main] .s.d.r.c.RepositoryConfigurationDelegate : Bootstrapping Spring Data Redis repositories in DEFAULT mode.
2021-07-27 14:07:10.503  INFO 16128 --- [main] .s.d.r.c.RepositoryConfigurationDelegate : Finished Spring Data repository scanning in 89 ms. Found 0 Redis repository interfaces.
2021-07-27 14:07:12.324  INFO 16128 --- [main] com.zaxxer.hikari.HikariDataSource       : HikariPool-1 - Starting...
2021-07-27 14:07:12.689  INFO 16128 --- [main] com.zaxxer.hikari.HikariDataSource       : HikariPool-1 - Start completed.
2021-07-27 14:07:12.906  INFO 16128 --- [main] o.hibernate.jpa.internal.util.LogHelper  : HHH000204: Processing PersistenceUnitInfo [name: default]
2021-07-27 14:07:13.048  INFO 16128 --- [main] org.hibernate.Version                    : HHH000412: Hibernate ORM core version 5.4.32.Final
2021-07-27 14:07:13.423  INFO 16128 --- [main] o.hibernate.annotations.common.Version   : HCANN000001: Hibernate Commons Annotations {5.1.2.Final}
2021-07-27 14:07:14.288  INFO 16128 --- [main] org.hibernate.dialect.Dialect            : HHH000400: Using dialect: org.hibernate.dialect.MySQL8Dialect
2021-07-27 14:07:14.824  INFO 16128 --- [main] o.h.e.t.j.p.i.JtaPlatformInitiator       : HHH000490: Using JtaPlatform implementation: [org.hibernate.engine.transaction.jta.platform.internal.NoJtaPlatform]
2021-07-27 14:07:14.857  INFO 16128 --- [main] j.LocalContainerEntityManagerFactoryBean : Initialized JPA EntityManagerFactory for persistence unit 'default'
2021-07-27 14:07:16.833  WARN 16128 --- [main] JpaBaseConfiguration$JpaWebConfiguration : spring.jpa.open-in-view is enabled by default. Therefore, database queries may be performed during view rendering. Explicitly configure spring.jpa.open-in-view to disable this warning
2021-07-27 14:07:20.046  INFO 16128 --- [main] c.e.c.service.imp.CheckInfoMonthImpTest  : Started CheckInfoMonthImpTest in 12.563 seconds (JVM running for 16.0)
2021-07-27 14:07:22.350  INFO 16128 --- [SpringApplicationShutdownHook] j.LocalContainerEntityManagerFactoryBean : Closing JPA EntityManagerFactory for persistence unit 'default'
2021-07-27 14:07:22.362  INFO 16128 --- [SpringApplicationShutdownHook] com.zaxxer.hikari.HikariDataSource       : HikariPool-1 - Shutdown initiated...
2021-07-27 14:07:22.407  INFO 16128 --- [SpringApplicationShutdownHook] com.zaxxer.hikari.HikariDataSource       : HikariPool-1 - Shutdown completed.
2021-07-27 14:14:43.883  INFO 17816 --- [main] c.e.c.service.imp.CheckInfoMonthImpTest  : Starting CheckInfoMonthImpTest using Java 13.0.1 on Fan with PID 17816 (started by Fan in C:\Users\Fan\IdeaProjects\checkNut)
2021-07-27 14:14:43.887  INFO 17816 --- [main] c.e.c.service.imp.CheckInfoMonthImpTest  : No active profile set, falling back to default profiles: default
2021-07-27 14:14:45.633  INFO 17816 --- [main] .s.d.r.c.RepositoryConfigurationDelegate : Multiple Spring Data modules found, entering strict repository configuration mode!
2021-07-27 14:14:45.650  INFO 17816 --- [main] .s.d.r.c.RepositoryConfigurationDelegate : Bootstrapping Spring Data JPA repositories in DEFAULT mode.
2021-07-27 14:14:45.775  INFO 17816 --- [main] .s.d.r.c.RepositoryConfigurationDelegate : Finished Spring Data repository scanning in 108 ms. Found 0 JPA repository interfaces.
2021-07-27 14:14:45.817  INFO 17816 --- [main] .s.d.r.c.RepositoryConfigurationDelegate : Multiple Spring Data modules found, entering strict repository configuration mode!
2021-07-27 14:14:45.819  INFO 17816 --- [main] .s.d.r.c.RepositoryConfigurationDelegate : Bootstrapping Spring Data Redis repositories in DEFAULT mode.
2021-07-27 14:14:45.922  INFO 17816 --- [main] .s.d.r.c.RepositoryConfigurationDelegate : Finished Spring Data repository scanning in 88 ms. Found 0 Redis repository interfaces.
2021-07-27 14:14:47.379  INFO 17816 --- [main] com.zaxxer.hikari.HikariDataSource       : HikariPool-1 - Starting...
2021-07-27 14:14:47.697  INFO 17816 --- [main] com.zaxxer.hikari.HikariDataSource       : HikariPool-1 - Start completed.
2021-07-27 14:14:47.920  INFO 17816 --- [main] o.hibernate.jpa.internal.util.LogHelper  : HHH000204: Processing PersistenceUnitInfo [name: default]
2021-07-27 14:14:48.057  INFO 17816 --- [main] org.hibernate.Version                    : HHH000412: Hibernate ORM core version 5.4.32.Final
2021-07-27 14:14:48.407  INFO 17816 --- [main] o.hibernate.annotations.common.Version   : HCANN000001: Hibernate Commons Annotations {5.1.2.Final}
2021-07-27 14:14:49.153  INFO 17816 --- [main] org.hibernate.dialect.Dialect            : HHH000400: Using dialect: org.hibernate.dialect.MySQL8Dialect
2021-07-27 14:14:49.623  INFO 17816 --- [main] o.h.e.t.j.p.i.JtaPlatformInitiator       : HHH000490: Using JtaPlatform implementation: [org.hibernate.engine.transaction.jta.platform.internal.NoJtaPlatform]
2021-07-27 14:14:49.648  INFO 17816 --- [main] j.LocalContainerEntityManagerFactoryBean : Initialized JPA EntityManagerFactory for persistence unit 'default'
2021-07-27 14:14:51.564  WARN 17816 --- [main] JpaBaseConfiguration$JpaWebConfiguration : spring.jpa.open-in-view is enabled by default. Therefore, database queries may be performed during view rendering. Explicitly configure spring.jpa.open-in-view to disable this warning
2021-07-27 14:14:54.254  INFO 17816 --- [main] c.e.c.service.imp.CheckInfoMonthImpTest  : Started CheckInfoMonthImpTest in 11.128 seconds (JVM running for 15.741)
2021-07-27 14:14:55.582  INFO 17816 --- [SpringApplicationShutdownHook] j.LocalContainerEntityManagerFactoryBean : Closing JPA EntityManagerFactory for persistence unit 'default'
2021-07-27 14:14:55.587  INFO 17816 --- [SpringApplicationShutdownHook] com.zaxxer.hikari.HikariDataSource       : HikariPool-1 - Shutdown initiated...
2021-07-27 14:14:55.613  INFO 17816 --- [SpringApplicationShutdownHook] com.zaxxer.hikari.HikariDataSource       : HikariPool-1 - Shutdown completed.
2021-07-27 14:16:11.978  INFO 15844 --- [main] c.e.c.service.imp.CheckInfoMonthImpTest  : Starting CheckInfoMonthImpTest using Java 13.0.1 on Fan with PID 15844 (started by Fan in C:\Users\Fan\IdeaProjects\checkNut)
2021-07-27 14:16:11.982  INFO 15844 --- [main] c.e.c.service.imp.CheckInfoMonthImpTest  : No active profile set, falling back to default profiles: default
2021-07-27 14:16:13.649  INFO 15844 --- [main] .s.d.r.c.RepositoryConfigurationDelegate : Multiple Spring Data modules found, entering strict repository configuration mode!
2021-07-27 14:16:13.657  INFO 15844 --- [main] .s.d.r.c.RepositoryConfigurationDelegate : Bootstrapping Spring Data JPA repositories in DEFAULT mode.
2021-07-27 14:16:13.798  INFO 15844 --- [main] .s.d.r.c.RepositoryConfigurationDelegate : Finished Spring Data repository scanning in 123 ms. Found 0 JPA repository interfaces.
2021-07-27 14:16:13.843  INFO 15844 --- [main] .s.d.r.c.RepositoryConfigurationDelegate : Multiple Spring Data modules found, entering strict repository configuration mode!
2021-07-27 14:16:13.846  INFO 15844 --- [main] .s.d.r.c.RepositoryConfigurationDelegate : Bootstrapping Spring Data Redis repositories in DEFAULT mode.
2021-07-27 14:16:13.949  INFO 15844 --- [main] .s.d.r.c.RepositoryConfigurationDelegate : Finished Spring Data repository scanning in 85 ms. Found 0 Redis repository interfaces.
2021-07-27 14:16:15.410  INFO 15844 --- [main] com.zaxxer.hikari.HikariDataSource       : HikariPool-1 - Starting...
2021-07-27 14:16:15.747  INFO 15844 --- [main] com.zaxxer.hikari.HikariDataSource       : HikariPool-1 - Start completed.
2021-07-27 14:16:15.954  INFO 15844 --- [main] o.hibernate.jpa.internal.util.LogHelper  : HHH000204: Processing PersistenceUnitInfo [name: default]
2021-07-27 14:16:16.089  INFO 15844 --- [main] org.hibernate.Version                    : HHH000412: Hibernate ORM core version 5.4.32.Final
2021-07-27 14:16:16.437  INFO 15844 --- [main] o.hibernate.annotations.common.Version   : HCANN000001: Hibernate Commons Annotations {5.1.2.Final}
2021-07-27 14:16:17.188  INFO 15844 --- [main] org.hibernate.dialect.Dialect            : HHH000400: Using dialect: org.hibernate.dialect.MySQL8Dialect
2021-07-27 14:16:17.656  INFO 15844 --- [main] o.h.e.t.j.p.i.JtaPlatformInitiator       : HHH000490: Using JtaPlatform implementation: [org.hibernate.engine.transaction.jta.platform.internal.NoJtaPlatform]
2021-07-27 14:16:17.680  INFO 15844 --- [main] j.LocalContainerEntityManagerFactoryBean : Initialized JPA EntityManagerFactory for persistence unit 'default'
2021-07-27 14:16:19.644  WARN 15844 --- [main] JpaBaseConfiguration$JpaWebConfiguration : spring.jpa.open-in-view is enabled by default. Therefore, database queries may be performed during view rendering. Explicitly configure spring.jpa.open-in-view to disable this warning
2021-07-27 14:16:22.406  INFO 15844 --- [main] c.e.c.service.imp.CheckInfoMonthImpTest  : Started CheckInfoMonthImpTest in 11.215 seconds (JVM running for 14.77)
2021-07-27 14:16:23.969  INFO 15844 --- [SpringApplicationShutdownHook] j.LocalContainerEntityManagerFactoryBean : Closing JPA EntityManagerFactory for persistence unit 'default'
2021-07-27 14:16:23.973  INFO 15844 --- [SpringApplicationShutdownHook] com.zaxxer.hikari.HikariDataSource       : HikariPool-1 - Shutdown initiated...
2021-07-27 14:16:23.999  INFO 15844 --- [SpringApplicationShutdownHook] com.zaxxer.hikari.HikariDataSource       : HikariPool-1 - Shutdown completed.
2021-07-27 14:24:11.292  INFO 5828 --- [main] c.e.c.service.imp.CheckInfoMonthImpTest  : Starting CheckInfoMonthImpTest using Java 13.0.1 on Fan with PID 5828 (started by Fan in C:\Users\Fan\IdeaProjects\checkNut)
2021-07-27 14:24:11.296  INFO 5828 --- [main] c.e.c.service.imp.CheckInfoMonthImpTest  : No active profile set, falling back to default profiles: default
2021-07-27 14:24:13.344  INFO 5828 --- [main] .s.d.r.c.RepositoryConfigurationDelegate : Multiple Spring Data modules found, entering strict repository configuration mode!
2021-07-27 14:24:13.351  INFO 5828 --- [main] .s.d.r.c.RepositoryConfigurationDelegate : Bootstrapping Spring Data JPA repositories in DEFAULT mode.
2021-07-27 14:24:13.585  INFO 5828 --- [main] .s.d.r.c.RepositoryConfigurationDelegate : Finished Spring Data repository scanning in 213 ms. Found 0 JPA repository interfaces.
2021-07-27 14:24:13.630  INFO 5828 --- [main] .s.d.r.c.RepositoryConfigurationDelegate : Multiple Spring Data modules found, entering strict repository configuration mode!
2021-07-27 14:24:13.632  INFO 5828 --- [main] .s.d.r.c.RepositoryConfigurationDelegate : Bootstrapping Spring Data Redis repositories in DEFAULT mode.
2021-07-27 14:24:13.755  INFO 5828 --- [main] .s.d.r.c.RepositoryConfigurationDelegate : Finished Spring Data repository scanning in 101 ms. Found 0 Redis repository interfaces.
2021-07-27 14:24:15.495  INFO 5828 --- [main] com.zaxxer.hikari.HikariDataSource       : HikariPool-1 - Starting...
2021-07-27 14:24:16.072  INFO 5828 --- [main] com.zaxxer.hikari.HikariDataSource       : HikariPool-1 - Start completed.
2021-07-27 14:24:18.405  INFO 5828 --- [main] o.hibernate.jpa.internal.util.LogHelper  : HHH000204: Processing PersistenceUnitInfo [name: default]
2021-07-27 14:24:18.568  INFO 5828 --- [main] org.hibernate.Version                    : HHH000412: Hibernate ORM core version 5.4.32.Final
2021-07-27 14:24:19.415  INFO 5828 --- [main] o.hibernate.annotations.common.Version   : HCANN000001: Hibernate Commons Annotations {5.1.2.Final}
2021-07-27 14:24:20.284  INFO 5828 --- [main] org.hibernate.dialect.Dialect            : HHH000400: Using dialect: org.hibernate.dialect.MySQL8Dialect
2021-07-27 14:24:20.784  INFO 5828 --- [main] o.h.e.t.j.p.i.JtaPlatformInitiator       : HHH000490: Using JtaPlatform implementation: [org.hibernate.engine.transaction.jta.platform.internal.NoJtaPlatform]
2021-07-27 14:24:20.809  INFO 5828 --- [main] j.LocalContainerEntityManagerFactoryBean : Initialized JPA EntityManagerFactory for persistence unit 'default'
2021-07-27 14:24:23.474  WARN 5828 --- [main] JpaBaseConfiguration$JpaWebConfiguration : spring.jpa.open-in-view is enabled by default. Therefore, database queries may be performed during view rendering. Explicitly configure spring.jpa.open-in-view to disable this warning
2021-07-27 14:24:27.191  INFO 5828 --- [main] c.e.c.service.imp.CheckInfoMonthImpTest  : Started CheckInfoMonthImpTest in 16.741 seconds (JVM running for 22.642)
2021-07-27 14:25:30.440  WARN 5828 --- [HikariPool-1 housekeeper] com.zaxxer.hikari.pool.HikariPool        : HikariPool-1 - Thread starvation or clock leap detected (housekeeper delta=1m14s56ms543µs500ns).
2021-07-27 14:26:25.118  WARN 5828 --- [HikariPool-1 housekeeper] com.zaxxer.hikari.pool.HikariPool        : HikariPool-1 - Thread starvation or clock leap detected (housekeeper delta=54s678ms449µs700ns).
2021-07-27 14:30:02.939  WARN 5828 --- [HikariPool-1 housekeeper] com.zaxxer.hikari.pool.HikariPool        : HikariPool-1 - Thread starvation or clock leap detected (housekeeper delta=1m33s205ms378µs200ns).
2021-07-27 14:30:56.232  WARN 5828 --- [HikariPool-1 housekeeper] com.zaxxer.hikari.pool.HikariPool        : HikariPool-1 - Thread starvation or clock leap detected (housekeeper delta=53s293ms388µs300ns).
2021-07-27 14:33:19.321  WARN 5828 --- [HikariPool-1 housekeeper] com.zaxxer.hikari.pool.HikariPool        : HikariPool-1 - Thread starvation or clock leap detected (housekeeper delta=48s74ms817µs600ns).
2021-07-27 14:33:52.883  INFO 5828 --- [SpringApplicationShutdownHook] j.LocalContainerEntityManagerFactoryBean : Closing JPA EntityManagerFactory for persistence unit 'default'
2021-07-27 14:33:52.891  INFO 5828 --- [SpringApplicationShutdownHook] com.zaxxer.hikari.HikariDataSource       : HikariPool-1 - Shutdown initiated...
2021-07-27 14:33:52.937  INFO 5828 --- [SpringApplicationShutdownHook] com.zaxxer.hikari.HikariDataSource       : HikariPool-1 - Shutdown completed.
2021-07-27 14:37:22.821  INFO 13652 --- [main] c.e.c.service.imp.CheckInfoMonthImpTest  : Starting CheckInfoMonthImpTest using Java 13.0.1 on Fan with PID 13652 (started by Fan in C:\Users\Fan\IdeaProjects\checkNut)
2021-07-27 14:37:22.825  INFO 13652 --- [main] c.e.c.service.imp.CheckInfoMonthImpTest  : No active profile set, falling back to default profiles: default
2021-07-27 14:37:25.649  INFO 13652 --- [main] .s.d.r.c.RepositoryConfigurationDelegate : Multiple Spring Data modules found, entering strict repository configuration mode!
2021-07-27 14:37:25.655  INFO 13652 --- [main] .s.d.r.c.RepositoryConfigurationDelegate : Bootstrapping Spring Data JPA repositories in DEFAULT mode.
2021-07-27 14:37:25.905  INFO 13652 --- [main] .s.d.r.c.RepositoryConfigurationDelegate : Finished Spring Data repository scanning in 140 ms. Found 0 JPA repository interfaces.
2021-07-27 14:37:25.982  INFO 13652 --- [main] .s.d.r.c.RepositoryConfigurationDelegate : Multiple Spring Data modules found, entering strict repository configuration mode!
2021-07-27 14:37:25.985  INFO 13652 --- [main] .s.d.r.c.RepositoryConfigurationDelegate : Bootstrapping Spring Data Redis repositories in DEFAULT mode.
2021-07-27 14:37:26.156  INFO 13652 --- [main] .s.d.r.c.RepositoryConfigurationDelegate : Finished Spring Data repository scanning in 149 ms. Found 0 Redis repository interfaces.
2021-07-27 14:37:28.174  INFO 13652 --- [main] com.zaxxer.hikari.HikariDataSource       : HikariPool-1 - Starting...
2021-07-27 14:37:28.581  INFO 13652 --- [main] com.zaxxer.hikari.HikariDataSource       : HikariPool-1 - Start completed.
2021-07-27 14:37:28.822  INFO 13652 --- [main] o.hibernate.jpa.internal.util.LogHelper  : HHH000204: Processing PersistenceUnitInfo [name: default]
2021-07-27 14:37:28.969  INFO 13652 --- [main] org.hibernate.Version                    : HHH000412: Hibernate ORM core version 5.4.32.Final
2021-07-27 14:37:29.339  INFO 13652 --- [main] o.hibernate.annotations.common.Version   : HCANN000001: Hibernate Commons Annotations {5.1.2.Final}
2021-07-27 14:37:30.136  INFO 13652 --- [main] org.hibernate.dialect.Dialect            : HHH000400: Using dialect: org.hibernate.dialect.MySQL8Dialect
2021-07-27 14:37:30.614  INFO 13652 --- [main] o.h.e.t.j.p.i.JtaPlatformInitiator       : HHH000490: Using JtaPlatform implementation: [org.hibernate.engine.transaction.jta.platform.internal.NoJtaPlatform]
2021-07-27 14:37:30.644  INFO 13652 --- [main] j.LocalContainerEntityManagerFactoryBean : Initialized JPA EntityManagerFactory for persistence unit 'default'
2021-07-27 14:37:34.874  WARN 13652 --- [main] JpaBaseConfiguration$JpaWebConfiguration : spring.jpa.open-in-view is enabled by default. Therefore, database queries may be performed during view rendering. Explicitly configure spring.jpa.open-in-view to disable this warning
2021-07-27 14:37:37.705  INFO 13652 --- [main] c.e.c.service.imp.CheckInfoMonthImpTest  : Started CheckInfoMonthImpTest in 16.399 seconds (JVM running for 20.1)
2021-07-27 14:37:39.645  INFO 13652 --- [SpringApplicationShutdownHook] j.LocalContainerEntityManagerFactoryBean : Closing JPA EntityManagerFactory for persistence unit 'default'
2021-07-27 14:37:39.650  INFO 13652 --- [SpringApplicationShutdownHook] com.zaxxer.hikari.HikariDataSource       : HikariPool-1 - Shutdown initiated...
2021-07-27 14:37:39.671  INFO 13652 --- [SpringApplicationShutdownHook] com.zaxxer.hikari.HikariDataSource       : HikariPool-1 - Shutdown completed.
2021-07-27 14:47:19.928  INFO 19260 --- [main] c.e.c.s.imp.CheckInfoServiceImpTest      : Starting CheckInfoServiceImpTest using Java 13.0.1 on Fan with PID 19260 (started by Fan in C:\Users\Fan\IdeaProjects\checkNut)
2021-07-27 14:47:19.931  INFO 19260 --- [main] c.e.c.s.imp.CheckInfoServiceImpTest      : No active profile set, falling back to default profiles: default
2021-07-27 14:47:22.787  INFO 19260 --- [main] .s.d.r.c.RepositoryConfigurationDelegate : Multiple Spring Data modules found, entering strict repository configuration mode!
2021-07-27 14:47:22.794  INFO 19260 --- [main] .s.d.r.c.RepositoryConfigurationDelegate : Bootstrapping Spring Data JPA repositories in DEFAULT mode.
2021-07-27 14:47:22.931  INFO 19260 --- [main] .s.d.r.c.RepositoryConfigurationDelegate : Finished Spring Data repository scanning in 120 ms. Found 0 JPA repository interfaces.
2021-07-27 14:47:22.981  INFO 19260 --- [main] .s.d.r.c.RepositoryConfigurationDelegate : Multiple Spring Data modules found, entering strict repository configuration mode!
2021-07-27 14:47:22.985  INFO 19260 --- [main] .s.d.r.c.RepositoryConfigurationDelegate : Bootstrapping Spring Data Redis repositories in DEFAULT mode.
2021-07-27 14:47:23.103  INFO 19260 --- [main] .s.d.r.c.RepositoryConfigurationDelegate : Finished Spring Data repository scanning in 99 ms. Found 0 Redis repository interfaces.
2021-07-27 14:47:24.639  INFO 19260 --- [main] com.zaxxer.hikari.HikariDataSource       : HikariPool-1 - Starting...
2021-07-27 14:47:24.953  INFO 19260 --- [main] com.zaxxer.hikari.HikariDataSource       : HikariPool-1 - Start completed.
2021-07-27 14:47:25.153  INFO 19260 --- [main] o.hibernate.jpa.internal.util.LogHelper  : HHH000204: Processing PersistenceUnitInfo [name: default]
2021-07-27 14:47:25.310  INFO 19260 --- [main] org.hibernate.Version                    : HHH000412: Hibernate ORM core version 5.4.32.Final
2021-07-27 14:47:25.730  INFO 19260 --- [main] o.hibernate.annotations.common.Version   : HCANN000001: Hibernate Commons Annotations {5.1.2.Final}
2021-07-27 14:47:26.737  INFO 19260 --- [main] org.hibernate.dialect.Dialect            : HHH000400: Using dialect: org.hibernate.dialect.MySQL8Dialect
2021-07-27 14:47:28.165  INFO 19260 --- [main] o.h.e.t.j.p.i.JtaPlatformInitiator       : HHH000490: Using JtaPlatform implementation: [org.hibernate.engine.transaction.jta.platform.internal.NoJtaPlatform]
2021-07-27 14:47:28.196  INFO 19260 --- [main] j.LocalContainerEntityManagerFactoryBean : Initialized JPA EntityManagerFactory for persistence unit 'default'
2021-07-27 14:47:30.281  WARN 19260 --- [main] JpaBaseConfiguration$JpaWebConfiguration : spring.jpa.open-in-view is enabled by default. Therefore, database queries may be performed during view rendering. Explicitly configure spring.jpa.open-in-view to disable this warning
2021-07-27 14:47:33.196  INFO 19260 --- [main] c.e.c.s.imp.CheckInfoServiceImpTest      : Started CheckInfoServiceImpTest in 14.322 seconds (JVM running for 18.457)
2021-07-27 14:47:35.293  INFO 19260 --- [SpringApplicationShutdownHook] j.LocalContainerEntityManagerFactoryBean : Closing JPA EntityManagerFactory for persistence unit 'default'
2021-07-27 14:47:35.300  INFO 19260 --- [SpringApplicationShutdownHook] com.zaxxer.hikari.HikariDataSource       : HikariPool-1 - Shutdown initiated...
2021-07-27 14:47:35.333  INFO 19260 --- [SpringApplicationShutdownHook] com.zaxxer.hikari.HikariDataSource       : HikariPool-1 - Shutdown completed.
2021-07-27 14:53:17.327  INFO 10352 --- [main] c.e.c.s.imp.CheckInfoServiceImpTest      : Starting CheckInfoServiceImpTest using Java 13.0.1 on Fan with PID 10352 (started by Fan in C:\Users\Fan\IdeaProjects\checkNut)
2021-07-27 14:53:17.331  INFO 10352 --- [main] c.e.c.s.imp.CheckInfoServiceImpTest      : No active profile set, falling back to default profiles: default
2021-07-27 14:53:19.064  INFO 10352 --- [main] .s.d.r.c.RepositoryConfigurationDelegate : Multiple Spring Data modules found, entering strict repository configuration mode!
2021-07-27 14:53:19.069  INFO 10352 --- [main] .s.d.r.c.RepositoryConfigurationDelegate : Bootstrapping Spring Data JPA repositories in DEFAULT mode.
2021-07-27 14:53:19.181  INFO 10352 --- [main] .s.d.r.c.RepositoryConfigurationDelegate : Finished Spring Data repository scanning in 98 ms. Found 0 JPA repository interfaces.
2021-07-27 14:53:19.209  INFO 10352 --- [main] .s.d.r.c.RepositoryConfigurationDelegate : Multiple Spring Data modules found, entering strict repository configuration mode!
2021-07-27 14:53:19.211  INFO 10352 --- [main] .s.d.r.c.RepositoryConfigurationDelegate : Bootstrapping Spring Data Redis repositories in DEFAULT mode.
2021-07-27 14:53:19.309  INFO 10352 --- [main] .s.d.r.c.RepositoryConfigurationDelegate : Finished Spring Data repository scanning in 82 ms. Found 0 Redis repository interfaces.
2021-07-27 14:53:20.771  INFO 10352 --- [main] com.zaxxer.hikari.HikariDataSource       : HikariPool-1 - Starting...
2021-07-27 14:53:21.112  INFO 10352 --- [main] com.zaxxer.hikari.HikariDataSource       : HikariPool-1 - Start completed.
2021-07-27 14:53:21.326  INFO 10352 --- [main] o.hibernate.jpa.internal.util.LogHelper  : HHH000204: Processing PersistenceUnitInfo [name: default]
2021-07-27 14:53:21.462  INFO 10352 --- [main] org.hibernate.Version                    : HHH000412: Hibernate ORM core version 5.4.32.Final
2021-07-27 14:53:21.844  INFO 10352 --- [main] o.hibernate.annotations.common.Version   : HCANN000001: Hibernate Commons Annotations {5.1.2.Final}
2021-07-27 14:53:22.579  INFO 10352 --- [main] org.hibernate.dialect.Dialect            : HHH000400: Using dialect: org.hibernate.dialect.MySQL8Dialect
2021-07-27 14:53:23.036  INFO 10352 --- [main] o.h.e.t.j.p.i.JtaPlatformInitiator       : HHH000490: Using JtaPlatform implementation: [org.hibernate.engine.transaction.jta.platform.internal.NoJtaPlatform]
2021-07-27 14:53:23.059  INFO 10352 --- [main] j.LocalContainerEntityManagerFactoryBean : Initialized JPA EntityManagerFactory for persistence unit 'default'
2021-07-27 14:53:24.910  WARN 10352 --- [main] JpaBaseConfiguration$JpaWebConfiguration : spring.jpa.open-in-view is enabled by default. Therefore, database queries may be performed during view rendering. Explicitly configure spring.jpa.open-in-view to disable this warning
2021-07-27 14:53:27.639  INFO 10352 --- [main] c.e.c.s.imp.CheckInfoServiceImpTest      : Started CheckInfoServiceImpTest in 11.077 seconds (JVM running for 14.094)
2021-07-27 14:53:29.320  INFO 10352 --- [main] c.e.c.s.imp.CheckInfoServiceImpTest      : ===检验 Excel写入完成===
2021-07-27 14:53:29.321  INFO 10352 --- [main] c.e.c.s.imp.CheckInfoServiceImpTest      : ===检验 Excel写入完成===
2021-07-27 14:53:29.322  INFO 10352 --- [main] c.e.c.s.imp.CheckInfoServiceImpTest      : ===检验 Excel写入完成===
2021-07-27 14:53:29.323  INFO 10352 --- [main] c.e.c.s.imp.CheckInfoServiceImpTest      : ===检验 Excel写入完成===
2021-07-27 14:53:29.323  INFO 10352 --- [main] c.e.c.s.imp.CheckInfoServiceImpTest      : ===检验 Excel写入完成===
2021-07-27 14:53:29.323  INFO 10352 --- [main] c.e.c.s.imp.CheckInfoServiceImpTest      : ===检验 Excel写入完成===
2021-07-27 14:53:29.324  INFO 10352 --- [main] c.e.c.s.imp.CheckInfoServiceImpTest      : ===检验 Excel写入完成===
2021-07-27 14:53:29.324  INFO 10352 --- [main] c.e.c.s.imp.CheckInfoServiceImpTest      : ===检验 Excel写入完成===
2021-07-27 14:53:29.324  INFO 10352 --- [main] c.e.c.s.imp.CheckInfoServiceImpTest      : ===检验 Excel写入完成===
2021-07-27 14:53:29.325  INFO 10352 --- [main] c.e.c.s.imp.CheckInfoServiceImpTest      : ===检验 Excel写入完成===
2021-07-27 14:53:29.325  INFO 10352 --- [main] c.e.c.s.imp.CheckInfoServiceImpTest      : ===检验 Excel写入完成===
2021-07-27 14:53:29.325  INFO 10352 --- [main] c.e.c.s.imp.CheckInfoServiceImpTest      : ===检验 Excel写入完成===
2021-07-27 14:53:29.325  INFO 10352 --- [main] c.e.c.s.imp.CheckInfoServiceImpTest      : ===检验 Excel写入完成===
2021-07-27 14:53:29.325  INFO 10352 --- [main] c.e.c.s.imp.CheckInfoServiceImpTest      : ===检验 Excel写入完成===
2021-07-27 14:53:29.327  INFO 10352 --- [main] c.e.c.s.imp.CheckInfoServiceImpTest      : ===检验 Excel写入完成===
2021-07-27 14:53:29.328  INFO 10352 --- [main] c.e.c.s.imp.CheckInfoServiceImpTest      : ===检验 Excel写入完成===
2021-07-27 14:53:29.328  INFO 10352 --- [main] c.e.c.s.imp.CheckInfoServiceImpTest      : ===检验 Excel写入完成===
2021-07-27 14:53:29.328  INFO 10352 --- [main] c.e.c.s.imp.CheckInfoServiceImpTest      : ===检验 Excel写入完成===
2021-07-27 14:53:29.328  INFO 10352 --- [main] c.e.c.s.imp.CheckInfoServiceImpTest      : ===检验 Excel写入完成===
2021-07-27 14:53:29.792  INFO 10352 --- [main] c.e.c.s.imp.CheckInfoServiceImpTest      : ===excel=time===1.312
2021-07-27 14:53:29.852  INFO 10352 --- [SpringApplicationShutdownHook] j.LocalContainerEntityManagerFactoryBean : Closing JPA EntityManagerFactory for persistence unit 'default'
2021-07-27 14:53:29.856  INFO 10352 --- [SpringApplicationShutdownHook] com.zaxxer.hikari.HikariDataSource       : HikariPool-1 - Shutdown initiated...
2021-07-27 14:53:29.870  INFO 10352 --- [SpringApplicationShutdownHook] com.zaxxer.hikari.HikariDataSource       : HikariPool-1 - Shutdown completed.
2021-07-27 15:10:06.795  INFO 5824 --- [main] c.e.c.service.imp.CheckInfoMonthImpTest  : Starting CheckInfoMonthImpTest using Java 13.0.1 on Fan with PID 5824 (started by Fan in C:\Users\Fan\IdeaProjects\checkNut)
2021-07-27 15:10:06.799  INFO 5824 --- [main] c.e.c.service.imp.CheckInfoMonthImpTest  : No active profile set, falling back to default profiles: default
2021-07-27 15:10:08.650  INFO 5824 --- [main] .s.d.r.c.RepositoryConfigurationDelegate : Multiple Spring Data modules found, entering strict repository configuration mode!
2021-07-27 15:10:08.654  INFO 5824 --- [main] .s.d.r.c.RepositoryConfigurationDelegate : Bootstrapping Spring Data JPA repositories in DEFAULT mode.
2021-07-27 15:10:08.776  INFO 5824 --- [main] .s.d.r.c.RepositoryConfigurationDelegate : Finished Spring Data repository scanning in 100 ms. Found 0 JPA repository interfaces.
2021-07-27 15:10:08.807  INFO 5824 --- [main] .s.d.r.c.RepositoryConfigurationDelegate : Multiple Spring Data modules found, entering strict repository configuration mode!
2021-07-27 15:10:08.809  INFO 5824 --- [main] .s.d.r.c.RepositoryConfigurationDelegate : Bootstrapping Spring Data Redis repositories in DEFAULT mode.
2021-07-27 15:10:08.908  INFO 5824 --- [main] .s.d.r.c.RepositoryConfigurationDelegate : Finished Spring Data repository scanning in 85 ms. Found 0 Redis repository interfaces.
2021-07-27 15:10:10.544  INFO 5824 --- [main] com.zaxxer.hikari.HikariDataSource       : HikariPool-1 - Starting...
2021-07-27 15:10:10.843  INFO 5824 --- [main] com.zaxxer.hikari.HikariDataSource       : HikariPool-1 - Start completed.
2021-07-27 15:10:11.034  INFO 5824 --- [main] o.hibernate.jpa.internal.util.LogHelper  : HHH000204: Processing PersistenceUnitInfo [name: default]
2021-07-27 15:10:11.173  INFO 5824 --- [main] org.hibernate.Version                    : HHH000412: Hibernate ORM core version 5.4.32.Final
2021-07-27 15:10:11.500  INFO 5824 --- [main] o.hibernate.annotations.common.Version   : HCANN000001: Hibernate Commons Annotations {5.1.2.Final}
2021-07-27 15:10:12.244  INFO 5824 --- [main] org.hibernate.dialect.Dialect            : HHH000400: Using dialect: org.hibernate.dialect.MySQL8Dialect
2021-07-27 15:10:12.697  INFO 5824 --- [main] o.h.e.t.j.p.i.JtaPlatformInitiator       : HHH000490: Using JtaPlatform implementation: [org.hibernate.engine.transaction.jta.platform.internal.NoJtaPlatform]
2021-07-27 15:10:12.722  INFO 5824 --- [main] j.LocalContainerEntityManagerFactoryBean : Initialized JPA EntityManagerFactory for persistence unit 'default'
2021-07-27 15:10:15.313  WARN 5824 --- [main] JpaBaseConfiguration$JpaWebConfiguration : spring.jpa.open-in-view is enabled by default. Therefore, database queries may be performed during view rendering. Explicitly configure spring.jpa.open-in-view to disable this warning
2021-07-27 15:10:18.352  INFO 5824 --- [main] c.e.c.service.imp.CheckInfoMonthImpTest  : Started CheckInfoMonthImpTest in 12.546 seconds (JVM running for 17.803)
2021-07-27 15:10:20.130  INFO 5824 --- [main] c.e.c.service.imp.CheckInfoMonthImpTest  : 2021年7月检验 Excel写入完成===
2021-07-27 15:10:20.131  INFO 5824 --- [main] c.e.c.service.imp.CheckInfoMonthImpTest  : 2021年7月检验 Excel写入完成===
2021-07-27 15:10:20.132  INFO 5824 --- [main] c.e.c.service.imp.CheckInfoMonthImpTest  : 2021年7月检验 Excel写入完成===
2021-07-27 15:10:20.132  INFO 5824 --- [main] c.e.c.service.imp.CheckInfoMonthImpTest  : 2021年7月检验 Excel写入完成===
2021-07-27 15:10:20.133  INFO 5824 --- [main] c.e.c.service.imp.CheckInfoMonthImpTest  : 2021年7月检验 Excel写入完成===
2021-07-27 15:10:20.133  INFO 5824 --- [main] c.e.c.service.imp.CheckInfoMonthImpTest  : 2021年7月检验 Excel写入完成===
2021-07-27 15:10:20.134  INFO 5824 --- [main] c.e.c.service.imp.CheckInfoMonthImpTest  : 2021年7月检验 Excel写入完成===
2021-07-27 15:10:20.430  INFO 5824 --- [main] c.e.c.service.imp.CheckInfoMonthImpTest  : ==每月excel=time===1.093
2021-07-27 15:10:20.493  INFO 5824 --- [SpringApplicationShutdownHook] j.LocalContainerEntityManagerFactoryBean : Closing JPA EntityManagerFactory for persistence unit 'default'
2021-07-27 15:10:20.498  INFO 5824 --- [SpringApplicationShutdownHook] com.zaxxer.hikari.HikariDataSource       : HikariPool-1 - Shutdown initiated...
2021-07-27 15:10:20.516  INFO 5824 --- [SpringApplicationShutdownHook] com.zaxxer.hikari.HikariDataSource       : HikariPool-1 - Shutdown completed.
2021-07-27 15:16:42.464  INFO 6080 --- [main] c.example.checknut.CheckNutApplication   : Starting CheckNutApplication using Java 13.0.1 on Fan with PID 6080 (C:\Users\Fan\IdeaProjects\checkNut\target\classes started by Fan in C:\Users\Fan\IdeaProjects\checkNut)
2021-07-27 15:16:42.468  INFO 6080 --- [main] c.example.checknut.CheckNutApplication   : No active profile set, falling back to default profiles: default
2021-07-27 15:16:44.658  INFO 6080 --- [main] .s.d.r.c.RepositoryConfigurationDelegate : Multiple Spring Data modules found, entering strict repository configuration mode!
2021-07-27 15:16:44.659  INFO 6080 --- [main] .s.d.r.c.RepositoryConfigurationDelegate : Bootstrapping Spring Data JPA repositories in DEFAULT mode.
2021-07-27 15:16:44.790  INFO 6080 --- [main] .s.d.r.c.RepositoryConfigurationDelegate : Finished Spring Data repository scanning in 107 ms. Found 0 JPA repository interfaces.
2021-07-27 15:16:44.824  INFO 6080 --- [main] .s.d.r.c.RepositoryConfigurationDelegate : Multiple Spring Data modules found, entering strict repository configuration mode!
2021-07-27 15:16:44.826  INFO 6080 --- [main] .s.d.r.c.RepositoryConfigurationDelegate : Bootstrapping Spring Data Redis repositories in DEFAULT mode.
2021-07-27 15:16:45.140  INFO 6080 --- [main] .s.d.r.c.RepositoryConfigurationDelegate : Finished Spring Data repository scanning in 242 ms. Found 0 Redis repository interfaces.
2021-07-27 15:16:46.358  INFO 6080 --- [main] o.s.b.w.embedded.tomcat.TomcatWebServer  : Tomcat initialized with port(s): 8899 (http)
2021-07-27 15:16:46.372  INFO 6080 --- [main] o.apache.catalina.core.StandardService   : Starting service [Tomcat]
2021-07-27 15:16:46.372  INFO 6080 --- [main] org.apache.catalina.core.StandardEngine  : Starting Servlet engine: [Apache Tomcat/9.0.48]
2021-07-27 15:16:46.675  INFO 6080 --- [main] o.a.c.c.C.[Tomcat].[localhost].[/]       : Initializing Spring embedded WebApplicationContext
2021-07-27 15:16:46.676  INFO 6080 --- [main] w.s.c.ServletWebServerApplicationContext : Root WebApplicationContext: initialization completed in 4114 ms
2021-07-27 15:16:46.866  INFO 6080 --- [main] com.zaxxer.hikari.HikariDataSource       : HikariPool-1 - Starting...
2021-07-27 15:16:47.023  INFO 6080 --- [main] com.zaxxer.hikari.HikariDataSource       : HikariPool-1 - Start completed.
2021-07-27 15:16:47.145  INFO 6080 --- [main] o.hibernate.jpa.internal.util.LogHelper  : HHH000204: Processing PersistenceUnitInfo [name: default]
2021-07-27 15:16:47.232  INFO 6080 --- [main] org.hibernate.Version                    : HHH000412: Hibernate ORM core version 5.4.32.Final
2021-07-27 15:16:47.398  INFO 6080 --- [main] o.hibernate.annotations.common.Version   : HCANN000001: Hibernate Commons Annotations {5.1.2.Final}
2021-07-27 15:16:47.568  INFO 6080 --- [main] org.hibernate.dialect.Dialect            : HHH000400: Using dialect: org.hibernate.dialect.MySQL8Dialect
2021-07-27 15:16:47.798  INFO 6080 --- [main] o.h.e.t.j.p.i.JtaPlatformInitiator       : HHH000490: Using JtaPlatform implementation: [org.hibernate.engine.transaction.jta.platform.internal.NoJtaPlatform]
2021-07-27 15:16:47.816  INFO 6080 --- [main] j.LocalContainerEntityManagerFactoryBean : Initialized JPA EntityManagerFactory for persistence unit 'default'
2021-07-27 15:16:48.480  WARN 6080 --- [main] JpaBaseConfiguration$JpaWebConfiguration : spring.jpa.open-in-view is enabled by default. Therefore, database queries may be performed during view rendering. Explicitly configure spring.jpa.open-in-view to disable this warning
2021-07-27 15:16:49.657  INFO 6080 --- [main] o.s.b.w.embedded.tomcat.TomcatWebServer  : Tomcat started on port(s): 8899 (http) with context path ''
2021-07-27 15:16:49.694  INFO 6080 --- [main] c.example.checknut.CheckNutApplication   : Started CheckNutApplication in 8.155 seconds (JVM running for 10.542)
2021-07-27 15:16:49.745  INFO 6080 --- [http-nio-8899-exec-1] o.a.c.c.C.[Tomcat].[localhost].[/]       : Initializing Spring DispatcherServlet 'dispatcherServlet'
2021-07-27 15:16:49.748  INFO 6080 --- [http-nio-8899-exec-1] o.s.web.servlet.DispatcherServlet        : Initializing Servlet 'dispatcherServlet'
2021-07-27 15:16:49.750  INFO 6080 --- [http-nio-8899-exec-1] o.s.web.servlet.DispatcherServlet        : Completed initialization in 2 ms
2021-07-27 15:16:49.830  INFO 6080 --- [http-nio-8899-exec-2] c.e.checknut.controller.WebSocketServer  : 有新窗口开始监听:null,当前在线人数为2
2021-07-27 15:16:49.830  INFO 6080 --- [http-nio-8899-exec-1] c.e.checknut.controller.WebSocketServer  : 有新窗口开始监听:null,当前在线人数为1
2021-07-27 15:16:50.713  INFO 6080 --- [http-nio-8899-exec-3] c.e.checknut.controller.WebSocketServer  : 有新窗口开始监听:null,当前在线人数为3
2021-07-27 15:17:10.585  INFO 6080 --- [http-nio-8899-exec-4] c.e.checknut.controller.WebSocketServer  : 有新窗口开始监听:null,当前在线人数为4
2021-07-27 15:17:18.643  INFO 6080 --- [http-nio-8899-exec-6] c.e.checknut.controller.WebSocketServer  : 有新窗口开始监听:null,当前在线人数为5
2021-07-27 15:19:39.347  INFO 6080 --- [http-nio-8899-exec-9] c.e.checknut.controller.WebSocketServer  : 有一连接关闭！当前在线人数为4
2021-07-27 15:19:39.382  INFO 6080 --- [http-nio-8899-exec-7] c.e.checknut.controller.WebSocketServer  : 有一连接关闭！当前在线人数为3
2021-07-27 15:19:39.383  INFO 6080 --- [http-nio-8899-exec-2] c.e.checknut.controller.WebSocketServer  : 有一连接关闭！当前在线人数为1
2021-07-27 15:19:39.382  INFO 6080 --- [http-nio-8899-exec-10] c.e.checknut.controller.WebSocketServer  : 有一连接关闭！当前在线人数为2
2021-07-27 15:19:39.383  INFO 6080 --- [http-nio-8899-exec-1] c.e.checknut.controller.WebSocketServer  : 有一连接关闭！当前在线人数为0
2021-07-27 15:25:25.792  INFO 1000 --- [main] c.example.checknut.CheckNutApplication   : Starting CheckNutApplication using Java 13.0.1 on Fan with PID 1000 (C:\Users\Fan\IdeaProjects\checkNut\target\classes started by Fan in C:\Users\Fan\IdeaProjects\checkNut)
2021-07-27 15:25:25.795  INFO 1000 --- [main] c.example.checknut.CheckNutApplication   : No active profile set, falling back to default profiles: default
2021-07-27 15:25:26.847  INFO 1000 --- [main] .s.d.r.c.RepositoryConfigurationDelegate : Multiple Spring Data modules found, entering strict repository configuration mode!
2021-07-27 15:25:26.848  INFO 1000 --- [main] .s.d.r.c.RepositoryConfigurationDelegate : Bootstrapping Spring Data JPA repositories in DEFAULT mode.
2021-07-27 15:25:26.935  INFO 1000 --- [main] .s.d.r.c.RepositoryConfigurationDelegate : Finished Spring Data repository scanning in 75 ms. Found 0 JPA repository interfaces.
2021-07-27 15:25:26.955  INFO 1000 --- [main] .s.d.r.c.RepositoryConfigurationDelegate : Multiple Spring Data modules found, entering strict repository configuration mode!
2021-07-27 15:25:26.957  INFO 1000 --- [main] .s.d.r.c.RepositoryConfigurationDelegate : Bootstrapping Spring Data Redis repositories in DEFAULT mode.
2021-07-27 15:25:27.029  INFO 1000 --- [main] .s.d.r.c.RepositoryConfigurationDelegate : Finished Spring Data repository scanning in 61 ms. Found 0 Redis repository interfaces.
2021-07-27 15:25:27.837  INFO 1000 --- [main] o.s.b.w.embedded.tomcat.TomcatWebServer  : Tomcat initialized with port(s): 8899 (http)
2021-07-27 15:25:27.851  INFO 1000 --- [main] o.apache.catalina.core.StandardService   : Starting service [Tomcat]
2021-07-27 15:25:27.851  INFO 1000 --- [main] org.apache.catalina.core.StandardEngine  : Starting Servlet engine: [Apache Tomcat/9.0.48]
2021-07-27 15:25:28.160  INFO 1000 --- [main] o.a.c.c.C.[Tomcat].[localhost].[/]       : Initializing Spring embedded WebApplicationContext
2021-07-27 15:25:28.161  INFO 1000 --- [main] w.s.c.ServletWebServerApplicationContext : Root WebApplicationContext: initialization completed in 2301 ms
2021-07-27 15:25:28.370  INFO 1000 --- [main] com.zaxxer.hikari.HikariDataSource       : HikariPool-1 - Starting...
2021-07-27 15:25:28.531  INFO 1000 --- [main] com.zaxxer.hikari.HikariDataSource       : HikariPool-1 - Start completed.
2021-07-27 15:25:28.650  INFO 1000 --- [main] o.hibernate.jpa.internal.util.LogHelper  : HHH000204: Processing PersistenceUnitInfo [name: default]
2021-07-27 15:25:28.719  INFO 1000 --- [main] org.hibernate.Version                    : HHH000412: Hibernate ORM core version 5.4.32.Final
2021-07-27 15:25:28.889  INFO 1000 --- [main] o.hibernate.annotations.common.Version   : HCANN000001: Hibernate Commons Annotations {5.1.2.Final}
2021-07-27 15:25:29.057  INFO 1000 --- [main] org.hibernate.dialect.Dialect            : HHH000400: Using dialect: org.hibernate.dialect.MySQL8Dialect
2021-07-27 15:25:29.297  INFO 1000 --- [main] o.h.e.t.j.p.i.JtaPlatformInitiator       : HHH000490: Using JtaPlatform implementation: [org.hibernate.engine.transaction.jta.platform.internal.NoJtaPlatform]
2021-07-27 15:25:29.315  INFO 1000 --- [main] j.LocalContainerEntityManagerFactoryBean : Initialized JPA EntityManagerFactory for persistence unit 'default'
2021-07-27 15:25:30.003  WARN 1000 --- [main] JpaBaseConfiguration$JpaWebConfiguration : spring.jpa.open-in-view is enabled by default. Therefore, database queries may be performed during view rendering. Explicitly configure spring.jpa.open-in-view to disable this warning
2021-07-27 15:25:31.210  INFO 1000 --- [main] o.s.b.w.embedded.tomcat.TomcatWebServer  : Tomcat started on port(s): 8899 (http) with context path ''
2021-07-27 15:25:31.232  INFO 1000 --- [main] c.example.checknut.CheckNutApplication   : Started CheckNutApplication in 6.157 seconds (JVM running for 7.942)
2021-07-27 15:25:43.231  INFO 1000 --- [http-nio-8899-exec-1] o.a.c.c.C.[Tomcat].[localhost].[/]       : Initializing Spring DispatcherServlet 'dispatcherServlet'
2021-07-27 15:25:43.233  INFO 1000 --- [http-nio-8899-exec-1] o.s.web.servlet.DispatcherServlet        : Initializing Servlet 'dispatcherServlet'
2021-07-27 15:25:43.234  INFO 1000 --- [http-nio-8899-exec-1] o.s.web.servlet.DispatcherServlet        : Completed initialization in 1 ms
2021-07-27 15:25:58.929  INFO 1000 --- [http-nio-8899-exec-2] c.e.checknut.controller.WebSocketServer  : 有新窗口开始监听:null,当前在线人数为1
2021-07-27 15:28:37.657  INFO 1000 --- [http-nio-8899-exec-4] c.e.checknut.controller.WebSocketServer  : 有新窗口开始监听:null,当前在线人数为2
2021-07-27 15:28:57.651  INFO 1000 --- [http-nio-8899-exec-6] c.e.checknut.controller.WebSocketServer  : 有新窗口开始监听:null,当前在线人数为3
2021-07-27 15:29:55.647  INFO 1000 --- [http-nio-8899-exec-8] c.e.checknut.controller.WebSocketServer  : 有新窗口开始监听:null,当前在线人数为4
2021-07-27 15:33:50.647  INFO 1000 --- [http-nio-8899-exec-2] c.e.checknut.controller.WebSocketServer  : 有一连接关闭！当前在线人数为3
2021-07-27 15:33:50.674  INFO 1000 --- [http-nio-8899-exec-3] c.e.checknut.controller.WebSocketServer  : 有一连接关闭！当前在线人数为2
2021-07-27 15:33:50.674  INFO 1000 --- [http-nio-8899-exec-4] c.e.checknut.controller.WebSocketServer  : 有一连接关闭！当前在线人数为1
2021-07-27 15:33:50.677  INFO 1000 --- [http-nio-8899-exec-5] c.e.checknut.controller.WebSocketServer  : 有一连接关闭！当前在线人数为0
2021-07-27 15:35:39.496  INFO 1000 --- [http-nio-8899-exec-8] c.e.checknut.controller.WebSocketServer  : 有新窗口开始监听:null,当前在线人数为1
2021-07-27 15:35:49.639  INFO 1000 --- [http-nio-8899-exec-9] c.e.checknut.controller.WebSocketServer  : 有新窗口开始监听:null,当前在线人数为2
2021-07-27 15:36:41.408  INFO 1000 --- [http-nio-8899-exec-10] c.e.checknut.controller.WebSocketServer  : 有新窗口开始监听:null,当前在线人数为3
2021-07-27 15:39:33.660  INFO 1000 --- [http-nio-8899-exec-2] c.e.checknut.controller.WebSocketServer  : 有新窗口开始监听:null,当前在线人数为4
2021-07-27 15:39:52.031  INFO 1000 --- [http-nio-8899-exec-4] c.e.checknut.controller.WebSocketServer  : 有新窗口开始监听:null,当前在线人数为5
2021-07-27 15:40:03.744  INFO 1000 --- [http-nio-8899-exec-6] c.e.checknut.controller.WebSocketServer  : 有新窗口开始监听:null,当前在线人数为6
2021-07-27 15:42:53.518  INFO 1000 --- [http-nio-8899-exec-8] c.e.checknut.controller.WebSocketServer  : 有一连接关闭！当前在线人数为5
2021-07-27 15:42:53.554  INFO 1000 --- [http-nio-8899-exec-9] c.e.checknut.controller.WebSocketServer  : 有一连接关闭！当前在线人数为4
2021-07-27 15:42:53.556  INFO 1000 --- [http-nio-8899-exec-2] c.e.checknut.controller.WebSocketServer  : 有一连接关闭！当前在线人数为2
2021-07-27 15:42:53.555  INFO 1000 --- [http-nio-8899-exec-10] c.e.checknut.controller.WebSocketServer  : 有一连接关闭！当前在线人数为3
2021-07-27 15:42:53.556  INFO 1000 --- [http-nio-8899-exec-1] c.e.checknut.controller.WebSocketServer  : 有一连接关闭！当前在线人数为1
2021-07-27 15:42:53.557  INFO 1000 --- [http-nio-8899-exec-3] c.e.checknut.controller.WebSocketServer  : 有一连接关闭！当前在线人数为0
