#
# A fatal error has been detected by the Java Runtime Environment:
#
#  EXCEPTION_ACCESS_VIOLATION (0xc0000005) at pc=0x0000000180004465, pid=9012, tid=1668
#
# JRE version: Java(TM) SE Runtime Environment (13.0.1+9) (build 13.0.1+9)
# Java VM: Java HotSpot(TM) 64-Bit Server VM (13.0.1+9, mixed mode, sharing, tiered, compressed oops, g1 gc, windows-amd64)
# Problematic frame:
# C  [rxtxSerial.dll+0x4465]
#
# No core dump will be written. Minidumps are not enabled by default on client versions of Windows
#
# If you would like to submit a bug report, please visit:
#   http://bugreport.java.com/bugreport/crash.jsp
# The crash happened outside the Java Virtual Machine in native code.
# See problematic frame for where to report the bug.
#

---------------  S U M M A R Y ------------

Command Line: -Djava.awt.headless=false -XX:TieredStopAtLevel=1 -Xverify:none -Dspring.output.ansi.enabled=always -javaagent:C:\Program Files\JetBrains\IntelliJ IDEA 2021.1.1\lib\idea_rt.jar=58694:C:\Program Files\JetBrains\IntelliJ IDEA 2021.1.1\bin -Dcom.sun.management.jmxremote -Dspring.jmx.enabled=true -Dspring.liveBeansView.mbeanDomain -Dspring.application.admin.enabled=true -Dfile.encoding=UTF-8 com.example.checknut.CheckNutApplication

Host: Intel(R) Xeon(R) CPU E3-1225 V2 @ 3.20GHz, 4 cores, 11G,  Windows 10 , 64 bit Build 18362 (10.0.18362.1110)
Time: Wed Jul 21 15:04:56 2021 ?D1¨²¡À¨º¡Á?¨º¡À?? elapsed time: 23 seconds (0d 0h 0m 23s)

---------------  T H R E A D  ---------------

Current thread (0x0000022e24bbd000):  JavaThread "Thread-1" [_thread_in_native, id=1668, stack(0x0000008e89200000,0x0000008e89300000)]

Stack: [0x0000008e89200000,0x0000008e89300000],  sp=0x0000008e892fe3e0,  free space=1016k
Native frames: (J=compiled Java code, j=interpreted, Vv=VM code, C=native code)
C  [rxtxSerial.dll+0x4465]

Java frames: (J=compiled Java code, j=interpreted, Vv=VM code)
j  gnu.io.RXTXPort.nativeDrain(Z)Z+0
j  gnu.io.RXTXPort$SerialOutputStream.flush()V+72
j  com.example.checknut.utils.SerialUtils.sendToPort(Lgnu/io/SerialPort;[B)V+13
j  com.example.checknut.utils.SerialUtils.sendDataToPort()I+35
j  com.example.checknut.listener.FileListener.onFileCreate(Ljava/io/File;)V+273
j  org.apache.commons.io.monitor.FileAlterationObserver.doCreate(Lorg/apache/commons/io/monitor/FileEntry;)V+54
j  org.apache.commons.io.monitor.FileAlterationObserver.checkAndNotify(Lorg/apache/commons/io/monitor/FileEntry;[Lorg/apache/commons/io/monitor/FileEntry;[Ljava/io/File;)V+226
j  org.apache.commons.io.monitor.FileAlterationObserver.checkAndNotify()V+71
j  org.apache.commons.io.monitor.FileAlterationMonitor.run()V+37
j  java.lang.Thread.run()V+11 java.base@13.0.1
v  ~StubRoutines::call_stub

siginfo: EXCEPTION_ACCESS_VIOLATION (0xc0000005), reading address 0xffffffff880fef4c


Register to memory mapping:

RIP=0x0000000180004465 rxtxSerial.dll
RAX=0x000000000000001c is an unknown value
RBX=0x0000022e24bbd310 points into unknown readable memory: 50 e8 de e8 f9 7f 00 00
RCX=0x0000008e892feafc is pointing into the stack for thread: 0x0000022e24bbd000
RDX=0x0 is NULL
RSP=0x0000008e892fe3e0 is pointing into the stack for thread: 0x0000022e24bbd000
RBP=0x0000000000000001 is an unknown value
RSI=0x0 is NULL
RDI=0x0000000000000001 is an unknown value
R8 =0x0000008e892fe0a0 is pointing into the stack for thread: 0x0000022e24bbd000
R9 =0x0000000180000000 rxtxSerial.dll
R10=0x0 is NULL
R11=0x0000000000000200 is an unknown value
R12=0xffffffff880fef40 is an unknown value
R13=0x0 is NULL
R14=0x0000008e892fec18 is pointing into the stack for thread: 0x0000022e24bbd000
R15=0x0000022e24bbd000 is a thread


Registers:
RAX=0x000000000000001c, RBX=0x0000022e24bbd310, RCX=0x0000008e892feafc, RDX=0x0000000000000000
RSP=0x0000008e892fe3e0, RBP=0x0000000000000001, RSI=0x0000000000000000, RDI=0x0000000000000001
R8 =0x0000008e892fe0a0, R9 =0x0000000180000000, R10=0x0000000000000000, R11=0x0000000000000200
R12=0xffffffff880fef40, R13=0x0000000000000000, R14=0x0000008e892fec18, R15=0x0000022e24bbd000
RIP=0x0000000180004465, EFLAGS=0x0000000000010282

Top of Stack: (sp=0x0000008e892fe3e0)
0x0000008e892fe3e0:   0000022e24bbd310 000000018001c4c0
0x0000008e892fe3f0:   0000000000000000 0000000000000001
0x0000008e892fe400:   0000022e24bbd000 00007ff9e86bf782
0x0000008e892fe410:   0000008e892fec18 0000022e263cbe28
0x0000008e892fe420:   0000022e24bbd000 0000022e24bbd000
0x0000008e892fe430:   0000022e24bbd000 0000008e892fe550
0x0000008e892fe440:   0000000000000000 00007ff9e8919b70
0x0000008e892fe450:   000000080031f608 0000000000000000
0x0000008e892fe460:   0000000000000000 0000000000000000
0x0000008e892fe470:   0000000000000000 0000000000000000
0x0000008e892fe480:   0000000000000000 0000000000000000
0x0000008e892fe490:   0000000000000000 0000000000000000
0x0000008e892fe4a0:   0000000000000000 0000000000000000
0x0000008e892fe4b0:   0000000000000000 0000000000000000
0x0000008e892fe4c0:   0000000000000000 0000000000000000
0x0000008e892fe4d0:   0000000000000000 0000000000000000 

Instructions: (pc=0x0000000180004465)
0x0000000180004365:   02 00 00 00 e8 d2 79 00 00 85 c0 75 19 85 f6 75
0x0000000180004375:   15 e8 25 76 00 00 48 8d 15 86 91 01 00 48 8d 48
0x0000000180004385:   60 e8 9d 74 00 00 4c 8b e6 66 90 8b cd e8 49 57
0x0000000180004395:   00 00 ff c7 8b f0 85 c0 74 0f e8 04 79 00 00 83
0x00000001800043a5:   38 04 75 05 83 ff 03 7c e2 48 8d 15 0b 81 01 00
0x00000001800043b5:   48 8d 8c 24 00 07 00 00 44 8b c6 e8 c7 73 00 00
0x00000001800043c5:   85 f6 0f 84 86 00 00 00 e8 d6 78 00 00 8b 08 e8
0x00000001800043d5:   eb 77 00 00 4c 8b 03 48 8d 15 0d 81 01 00 48 8b
0x00000001800043e5:   cb 48 8b f0 41 ff 50 30 48 8b f8 48 85 c0 75 1b
0x00000001800043f5:   48 8b 03 48 8b cb ff 90 80 00 00 00 4c 8b 1b 48
0x0000000180004405:   8b cb 41 ff 93 88 00 00 00 eb 43 4c 8d 0d c9 80
0x0000000180004415:   01 00 48 8d 15 12 91 01 00 48 8d 8c 24 c0 06 00
0x0000000180004425:   00 4c 8b c6 e8 5e 73 00 00 4c 8b 1b 4c 8d 84 24
0x0000000180004435:   c0 06 00 00 48 8b d7 48 8b cb 41 ff 53 70 4c 8b
0x0000000180004445:   1b 48 8b d7 48 8b cb 41 ff 93 b8 00 00 00 45 84
0x0000000180004455:   ed 0f 85 97 00 00 00 4d 85 e4 0f 84 8e 00 00 00
0x0000000180004465:   41 83 7c 24 0c 00 0f 84 82 00 00 00 4c 8d 44 24
0x0000000180004475:   30 48 8d 4c 24 38 4d 8b cc 48 8b d3 e8 8a f4 ff
0x0000000180004485:   ff 48 8d 8c 24 80 03 00 00 41 b8 40 03 00 00 48
0x0000000180004495:   8b d0 e8 74 79 00 00 83 bc 24 18 04 00 00 01 7f
0x00000001800044a5:   4d 48 83 bc 24 30 04 00 00 00 74 42 48 8b 9c 24
0x00000001800044b5:   20 04 00 00 48 8b cb 48 8b 03 ff 90 88 00 00 00
0x00000001800044c5:   48 8b 94 24 28 04 00 00 4c 8b 1b 48 8b 12 4c 8b
0x00000001800044d5:   84 24 38 04 00 00 41 b9 02 00 00 00 48 8b cb c7
0x00000001800044e5:   44 24 20 01 00 00 00 41 ff 93 28 01 00 00 32 c0
0x00000001800044f5:   48 8b 8c 24 50 07 00 00 48 33 cc e8 db 70 00 00
0x0000000180004505:   48 8b 9c 24 a0 07 00 00 48 81 c4 60 07 00 00 41
0x0000000180004515:   5d 41 5c 5f 5e 5d c3 cc cc cc cc cc cc cc cc cc
0x0000000180004525:   cc cc cc cc cc cc cc cc cc cc cc 48 89 5c 24 08
0x0000000180004535:   48 89 6c 24 10 48 89 74 24 18 57 48 83 ec 20 48
0x0000000180004545:   8b 01 41 8b e8 48 8b fa 48 8b d9 ff 90 f8 00 00
0x0000000180004555:   00 4c 8b 13 4c 8d 0d 3c 7f 01 00 4c 8d 05 85 7f 


Stack slot to memory mapping:
stack at sp + 0 slots: 0x0000022e24bbd310 points into unknown readable memory: 50 e8 de e8 f9 7f 00 00
stack at sp + 1 slots: 0x000000018001c4c0 rxtxSerial.dll
stack at sp + 2 slots: 0x0 is NULL
stack at sp + 3 slots: 0x0000000000000001 is an unknown value
stack at sp + 4 slots: 0x0000022e24bbd000 is a thread
stack at sp + 5 slots: 0x00007ff9e86bf782 jvm.dll
stack at sp + 6 slots: 0x0000008e892fec18 is pointing into the stack for thread: 0x0000022e24bbd000
stack at sp + 7 slots: {method} {0x0000022e263cbe30} 'nativeDrain' '(Z)Z' in 'gnu/io/RXTXPort'


---------------  P R O C E S S  ---------------

Threads class SMR info:
_java_thread_list=0x0000022e24896560, length=35, elements={
0x0000022e20ff4800, 0x0000022e20ff7800, 0x0000022e21022000, 0x0000022e21023000,
0x0000022e21024000, 0x0000022e21025000, 0x0000022e207d7000, 0x0000022e215f4800,
0x0000022e215f5800, 0x0000022e2173b800, 0x0000022e229d1800, 0x0000022e228b0800,
0x0000022e228b1000, 0x0000022e228f5000, 0x0000022e22c36800, 0x0000022e22efd000,
0x0000022e22efe000, 0x0000022e2468a800, 0x0000022e2468c000, 0x0000022e24689800,
0x0000022e2468b800, 0x0000022e2468d000, 0x0000022e24687800, 0x0000022e2468e000,
0x0000022e24689000, 0x0000022e24688000, 0x0000022e24bbe000, 0x0000022e24bc0800,
0x0000022e24bbf000, 0x0000022e24bbf800, 0x0000022e24bbb000, 0x0000022e24bc1800,
0x0000022e24bbd000, 0x0000022e24bbc800, 0x0000022e24bbb800
}

Java Threads: ( => current thread )
  0x0000022e20ff4800 JavaThread "Reference Handler" daemon [_thread_blocked, id=18588, stack(0x0000008e86b00000,0x0000008e86c00000)]
  0x0000022e20ff7800 JavaThread "Finalizer" daemon [_thread_blocked, id=6372, stack(0x0000008e86c00000,0x0000008e86d00000)]
  0x0000022e21022000 JavaThread "Signal Dispatcher" daemon [_thread_blocked, id=19992, stack(0x0000008e86d00000,0x0000008e86e00000)]
  0x0000022e21023000 JavaThread "Attach Listener" daemon [_thread_blocked, id=1244, stack(0x0000008e86e00000,0x0000008e86f00000)]
  0x0000022e21024000 JavaThread "C1 CompilerThread0" daemon [_thread_blocked, id=19532, stack(0x0000008e86f00000,0x0000008e87000000)]
  0x0000022e21025000 JavaThread "Sweeper thread" daemon [_thread_blocked, id=18004, stack(0x0000008e87000000,0x0000008e87100000)]
  0x0000022e207d7000 JavaThread "Common-Cleaner" daemon [_thread_blocked, id=15032, stack(0x0000008e87100000,0x0000008e87200000)]
  0x0000022e215f4800 JavaThread "Monitor Ctrl-Break" daemon [_thread_in_native, id=5388, stack(0x0000008e87200000,0x0000008e87300000)]
  0x0000022e215f5800 JavaThread "Service Thread" daemon [_thread_blocked, id=19592, stack(0x0000008e87300000,0x0000008e87400000)]
  0x0000022e2173b800 JavaThread "RMI TCP Accept-0" daemon [_thread_in_native, id=13268, stack(0x0000008e87400000,0x0000008e87500000)]
  0x0000022e229d1800 JavaThread "Catalina-utility-1" [_thread_blocked, id=17008, stack(0x0000008e87a00000,0x0000008e87b00000)]
  0x0000022e228b0800 JavaThread "Catalina-utility-2" [_thread_blocked, id=15856, stack(0x0000008e87b00000,0x0000008e87c00000)]
  0x0000022e228b1000 JavaThread "container-0" [_thread_blocked, id=15264, stack(0x0000008e87c00000,0x0000008e87d00000)]
  0x0000022e228f5000 JavaThread "mysql-cj-abandoned-connection-cleanup" daemon [_thread_blocked, id=13896, stack(0x0000008e87d00000,0x0000008e87e00000)]
  0x0000022e22c36800 JavaThread "HikariPool-1 housekeeper" daemon [_thread_blocked, id=19104, stack(0x0000008e87f00000,0x0000008e88000000)]
  0x0000022e22efd000 JavaThread "ForkJoinPool.commonPool-worker-3" daemon [_thread_blocked, id=18068, stack(0x0000008e88100000,0x0000008e88200000)]
  0x0000022e22efe000 JavaThread "ForkJoinPool.commonPool-worker-5" daemon [_thread_blocked, id=20352, stack(0x0000008e88200000,0x0000008e88300000)]
  0x0000022e2468a800 JavaThread "ForkJoinPool.commonPool-worker-7" daemon [_thread_blocked, id=19636, stack(0x0000008e88300000,0x0000008e88400000)]
  0x0000022e2468c000 JavaThread "lettuce-timer-3-1" daemon [_thread_blocked, id=19452, stack(0x0000008e88400000,0x0000008e88500000)]
  0x0000022e24689800 JavaThread "http-nio-8899-exec-1" daemon [_thread_blocked, id=18476, stack(0x0000008e88500000,0x0000008e88600000)]
  0x0000022e2468b800 JavaThread "http-nio-8899-exec-2" daemon [_thread_blocked, id=18184, stack(0x0000008e88600000,0x0000008e88700000)]
  0x0000022e2468d000 JavaThread "http-nio-8899-exec-3" daemon [_thread_blocked, id=16552, stack(0x0000008e88700000,0x0000008e88800000)]
  0x0000022e24687800 JavaThread "http-nio-8899-exec-4" daemon [_thread_blocked, id=20432, stack(0x0000008e88800000,0x0000008e88900000)]
  0x0000022e2468e000 JavaThread "http-nio-8899-exec-5" daemon [_thread_blocked, id=17212, stack(0x0000008e88900000,0x0000008e88a00000)]
  0x0000022e24689000 JavaThread "http-nio-8899-exec-6" daemon [_thread_blocked, id=18880, stack(0x0000008e88a00000,0x0000008e88b00000)]
  0x0000022e24688000 JavaThread "http-nio-8899-exec-7" daemon [_thread_blocked, id=15368, stack(0x0000008e88b00000,0x0000008e88c00000)]
  0x0000022e24bbe000 JavaThread "http-nio-8899-exec-8" daemon [_thread_blocked, id=18652, stack(0x0000008e88c00000,0x0000008e88d00000)]
  0x0000022e24bc0800 JavaThread "http-nio-8899-exec-9" daemon [_thread_blocked, id=20184, stack(0x0000008e88d00000,0x0000008e88e00000)]
  0x0000022e24bbf000 JavaThread "http-nio-8899-exec-10" daemon [_thread_blocked, id=15516, stack(0x0000008e88e00000,0x0000008e88f00000)]
  0x0000022e24bbf800 JavaThread "http-nio-8899-Poller" daemon [_thread_in_native, id=4156, stack(0x0000008e88f00000,0x0000008e89000000)]
  0x0000022e24bbb000 JavaThread "http-nio-8899-Acceptor" daemon [_thread_in_native, id=16992, stack(0x0000008e89000000,0x0000008e89100000)]
  0x0000022e24bc1800 JavaThread "scheduling-1" [_thread_blocked, id=17548, stack(0x0000008e89100000,0x0000008e89200000)]
=>0x0000022e24bbd000 JavaThread "Thread-1" [_thread_in_native, id=1668, stack(0x0000008e89200000,0x0000008e89300000)]
  0x0000022e24bbc800 JavaThread "DestroyJavaVM" [_thread_blocked, id=18456, stack(0x0000008e86400000,0x0000008e86500000)]
  0x0000022e24bbb800 JavaThread "Thread-2" [_thread_in_native, id=17636, stack(0x0000008e88000000,0x0000008e88100000)]

Other Threads:
  0x0000022e207ee000 VMThread "VM Thread" [stack: 0x0000008e86a00000,0x0000008e86b00000] [id=17880]
  0x0000022e2175f000 WatcherThread [stack: 0x0000008e87500000,0x0000008e87600000] [id=16416]
  0x0000022e7fb36800 GCTaskThread "GC Thread#0" [stack: 0x0000008e86500000,0x0000008e86600000] [id=20056]
  0x0000022e217c3800 GCTaskThread "GC Thread#1" [stack: 0x0000008e87600000,0x0000008e87700000] [id=15384]
  0x0000022e217c4000 GCTaskThread "GC Thread#2" [stack: 0x0000008e87700000,0x0000008e87800000] [id=18900]
  0x0000022e217c0800 GCTaskThread "GC Thread#3" [stack: 0x0000008e87800000,0x0000008e87900000] [id=14692]
  0x0000022e7fb50000 ConcurrentGCThread "G1 Main Marker" [stack: 0x0000008e86600000,0x0000008e86700000] [id=20048]
  0x0000022e7fb51800 ConcurrentGCThread "G1 Conc#0" [stack: 0x0000008e86700000,0x0000008e86800000] [id=8812]
  0x0000022e2066d800 ConcurrentGCThread "G1 Refine#0" [stack: 0x0000008e86800000,0x0000008e86900000] [id=20024]
  0x0000022e217e4800 ConcurrentGCThread "G1 Refine#1" [stack: 0x0000008e87900000,0x0000008e87a00000] [id=2624]
  0x0000022e2066f000 ConcurrentGCThread "G1 Young RemSet Sampling" [stack: 0x0000008e86900000,0x0000008e86a00000] [id=20064]

Threads with active compile tasks:

VM state:not at safepoint (normal execution)

VM Mutex/Monitor currently owned by a thread: None

Heap address: 0x0000000740a00000, size: 3062 MB, Compressed Oops mode: Zero based, Oop shift amount: 3
Narrow klass base: 0x0000000800000000, Narrow klass shift: 3
Compressed class space size: 1073741824 Address: 0x0000000800b40000

Heap:
 garbage-first heap   total 89088K, used 51138K [0x0000000740a00000, 0x0000000800000000)
  region size 1024K, 27 young (27648K), 4 survivors (4096K)
 Metaspace       used 51966K, capacity 53494K, committed 53708K, reserved 1095680K
  class space    used 6781K, capacity 7404K, committed 7424K, reserved 1048576K
Heap Regions: E=young(eden), S=young(survivor), O=old, HS=humongous(starts), HC=humongous(continues), CS=collection set, F=free, A=archive, TAMS=top-at-mark-start (previous, next)
|   0|0x0000000740a00000, 0x0000000740b00000, 0x0000000740b00000|100%|HS|  |TAMS 0x0000000740b00000, 0x0000000740a00000| Complete 
|   1|0x0000000740b00000, 0x0000000740c00000, 0x0000000740c00000|100%|HS|  |TAMS 0x0000000740c00000, 0x0000000740b00000| Complete 
|   2|0x0000000740c00000, 0x0000000740d00000, 0x0000000740d00000|100%| O|  |TAMS 0x0000000740d00000, 0x0000000740c00000| Untracked 
|   3|0x0000000740d00000, 0x0000000740e00000, 0x0000000740e00000|100%| O|  |TAMS 0x0000000740e00000, 0x0000000740d00000| Untracked 
|   4|0x0000000740e00000, 0x0000000740f00000, 0x0000000740f00000|100%| O|  |TAMS 0x0000000740f00000, 0x0000000740e00000| Untracked 
|   5|0x0000000740f00000, 0x0000000741000000, 0x0000000741000000|100%| O|  |TAMS 0x0000000741000000, 0x0000000740f00000| Untracked 
|   6|0x0000000741000000, 0x0000000741100000, 0x0000000741100000|100%| O|  |TAMS 0x0000000741100000, 0x0000000741000000| Untracked 
|   7|0x0000000741100000, 0x0000000741200000, 0x0000000741200000|100%| O|  |TAMS 0x0000000741200000, 0x0000000741100000| Untracked 
|   8|0x0000000741200000, 0x0000000741300000, 0x0000000741300000|100%| O|  |TAMS 0x0000000741300000, 0x0000000741200000| Untracked 
|   9|0x0000000741300000, 0x000000074135fc00, 0x0000000741400000| 37%| O|  |TAMS 0x000000074135fc00, 0x0000000741300000| Untracked 
|  10|0x0000000741400000, 0x0000000741500000, 0x0000000741500000|100%| O|  |TAMS 0x0000000741500000, 0x0000000741400000| Untracked 
|  11|0x0000000741500000, 0x0000000741600000, 0x0000000741600000|100%| O|  |TAMS 0x0000000741600000, 0x0000000741500000| Untracked 
|  12|0x0000000741600000, 0x0000000741700000, 0x0000000741700000|100%| O|  |TAMS 0x0000000741700000, 0x0000000741600000| Untracked 
|  13|0x0000000741700000, 0x0000000741800000, 0x0000000741800000|100%| O|  |TAMS 0x0000000741800000, 0x0000000741700000| Untracked 
|  14|0x0000000741800000, 0x0000000741900000, 0x0000000741900000|100%| O|  |TAMS 0x0000000741900000, 0x0000000741800000| Untracked 
|  15|0x0000000741900000, 0x0000000741a00000, 0x0000000741a00000|100%| O|  |TAMS 0x0000000741a00000, 0x0000000741900000| Untracked 
|  16|0x0000000741a00000, 0x0000000741b00000, 0x0000000741b00000|100%| O|  |TAMS 0x0000000741b00000, 0x0000000741a00000| Untracked 
|  17|0x0000000741b00000, 0x0000000741c00000, 0x0000000741c00000|100%| O|  |TAMS 0x0000000741c00000, 0x0000000741b00000| Untracked 
|  18|0x0000000741c00000, 0x0000000741d00000, 0x0000000741d00000|100%| O|  |TAMS 0x0000000741d00000, 0x0000000741c00000| Untracked 
|  19|0x0000000741d00000, 0x0000000741e00000, 0x0000000741e00000|100%| O|  |TAMS 0x0000000741e00000, 0x0000000741d00000| Untracked 
|  20|0x0000000741e00000, 0x0000000741f00000, 0x0000000741f00000|100%| O|  |TAMS 0x0000000741f00000, 0x0000000741e00000| Untracked 
|  21|0x0000000741f00000, 0x0000000742000000, 0x0000000742000000|100%| O|  |TAMS 0x0000000742000000, 0x0000000741f00000| Untracked 
|  22|0x0000000742000000, 0x0000000742100000, 0x0000000742100000|100%| O|  |TAMS 0x0000000742005400, 0x0000000742000000| Untracked 
|  23|0x0000000742100000, 0x0000000742200000, 0x0000000742200000|100%| O|  |TAMS 0x0000000742100000, 0x0000000742100000| Untracked 
|  24|0x0000000742200000, 0x0000000742300000, 0x0000000742300000|100%| O|  |TAMS 0x0000000742200000, 0x0000000742200000| Untracked 
|  25|0x0000000742300000, 0x00000007423aae00, 0x0000000742400000| 66%| O|  |TAMS 0x0000000742300000, 0x0000000742300000| Untracked 
|  26|0x0000000742400000, 0x0000000742400000, 0x0000000742500000|  0%| F|  |TAMS 0x0000000742400000, 0x0000000742400000| Untracked 
|  27|0x0000000742500000, 0x0000000742500000, 0x0000000742600000|  0%| F|  |TAMS 0x0000000742500000, 0x0000000742500000| Untracked 
|  28|0x0000000742600000, 0x0000000742600000, 0x0000000742700000|  0%| F|  |TAMS 0x0000000742600000, 0x0000000742600000| Untracked 
|  29|0x0000000742700000, 0x0000000742700000, 0x0000000742800000|  0%| F|  |TAMS 0x0000000742700000, 0x0000000742700000| Untracked 
|  30|0x0000000742800000, 0x0000000742800000, 0x0000000742900000|  0%| F|  |TAMS 0x0000000742800000, 0x0000000742800000| Untracked 
|  31|0x0000000742900000, 0x0000000742900000, 0x0000000742a00000|  0%| F|  |TAMS 0x0000000742900000, 0x0000000742900000| Untracked 
|  32|0x0000000742a00000, 0x0000000742a00000, 0x0000000742b00000|  0%| F|  |TAMS 0x0000000742a00000, 0x0000000742a00000| Untracked 
|  33|0x0000000742b00000, 0x0000000742b00000, 0x0000000742c00000|  0%| F|  |TAMS 0x0000000742b00000, 0x0000000742b00000| Untracked 
|  34|0x0000000742c00000, 0x0000000742c00000, 0x0000000742d00000|  0%| F|  |TAMS 0x0000000742c00000, 0x0000000742c00000| Untracked 
|  35|0x0000000742d00000, 0x0000000742d00000, 0x0000000742e00000|  0%| F|  |TAMS 0x0000000742d00000, 0x0000000742d00000| Untracked 
|  36|0x0000000742e00000, 0x0000000742e00000, 0x0000000742f00000|  0%| F|  |TAMS 0x0000000742e00000, 0x0000000742e00000| Untracked 
|  37|0x0000000742f00000, 0x0000000742f00000, 0x0000000743000000|  0%| F|  |TAMS 0x0000000742f00000, 0x0000000742f00000| Untracked 
|  38|0x0000000743000000, 0x0000000743000000, 0x0000000743100000|  0%| F|  |TAMS 0x0000000743000000, 0x0000000743000000| Untracked 
|  39|0x0000000743100000, 0x0000000743100000, 0x0000000743200000|  0%| F|  |TAMS 0x0000000743100000, 0x0000000743100000| Untracked 
|  40|0x0000000743200000, 0x0000000743200000, 0x0000000743300000|  0%| F|  |TAMS 0x0000000743200000, 0x0000000743200000| Untracked 
|  41|0x0000000743300000, 0x0000000743300000, 0x0000000743400000|  0%| F|  |TAMS 0x0000000743300000, 0x0000000743300000| Untracked 
|  42|0x0000000743400000, 0x0000000743400000, 0x0000000743500000|  0%| F|  |TAMS 0x0000000743400000, 0x0000000743400000| Untracked 
|  43|0x0000000743500000, 0x0000000743500000, 0x0000000743600000|  0%| F|  |TAMS 0x0000000743500000, 0x0000000743500000| Untracked 
|  44|0x0000000743600000, 0x0000000743600000, 0x0000000743700000|  0%| F|  |TAMS 0x0000000743600000, 0x0000000743600000| Untracked 
|  45|0x0000000743700000, 0x0000000743700000, 0x0000000743800000|  0%| F|  |TAMS 0x0000000743700000, 0x0000000743700000| Untracked 
|  46|0x0000000743800000, 0x0000000743800000, 0x0000000743900000|  0%| F|  |TAMS 0x0000000743800000, 0x0000000743800000| Untracked 
|  47|0x0000000743900000, 0x00000007439e5ec0, 0x0000000743a00000| 89%| S|CS|TAMS 0x0000000743900000, 0x0000000743900000| Complete 
|  48|0x0000000743a00000, 0x0000000743b00000, 0x0000000743b00000|100%| S|CS|TAMS 0x0000000743a00000, 0x0000000743a00000| Complete 
|  49|0x0000000743b00000, 0x0000000743c00000, 0x0000000743c00000|100%| S|CS|TAMS 0x0000000743b00000, 0x0000000743b00000| Complete 
|  50|0x0000000743c00000, 0x0000000743d00000, 0x0000000743d00000|100%| S|CS|TAMS 0x0000000743c00000, 0x0000000743c00000| Complete 
|  51|0x0000000743d00000, 0x0000000743d00000, 0x0000000743e00000|  0%| F|  |TAMS 0x0000000743d00000, 0x0000000743d00000| Untracked 
|  52|0x0000000743e00000, 0x0000000743e00000, 0x0000000743f00000|  0%| F|  |TAMS 0x0000000743e00000, 0x0000000743e00000| Untracked 
|  53|0x0000000743f00000, 0x0000000743f00000, 0x0000000744000000|  0%| F|  |TAMS 0x0000000743f00000, 0x0000000743f00000| Untracked 
|  54|0x0000000744000000, 0x0000000744000000, 0x0000000744100000|  0%| F|  |TAMS 0x0000000744000000, 0x0000000744000000| Untracked 
|  55|0x0000000744100000, 0x0000000744100000, 0x0000000744200000|  0%| F|  |TAMS 0x0000000744100000, 0x0000000744100000| Untracked 
|  56|0x0000000744200000, 0x0000000744200000, 0x0000000744300000|  0%| F|  |TAMS 0x0000000744200000, 0x0000000744200000| Untracked 
|  57|0x0000000744300000, 0x0000000744300000, 0x0000000744400000|  0%| F|  |TAMS 0x0000000744300000, 0x0000000744300000| Untracked 
|  58|0x0000000744400000, 0x0000000744400000, 0x0000000744500000|  0%| F|  |TAMS 0x0000000744400000, 0x0000000744400000| Untracked 
|  59|0x0000000744500000, 0x0000000744500000, 0x0000000744600000|  0%| F|  |TAMS 0x0000000744500000, 0x0000000744500000| Untracked 
|  60|0x0000000744600000, 0x0000000744600000, 0x0000000744700000|  0%| F|  |TAMS 0x0000000744600000, 0x0000000744600000| Untracked 
|  61|0x0000000744700000, 0x0000000744700000, 0x0000000744800000|  0%| F|  |TAMS 0x0000000744700000, 0x0000000744700000| Untracked 
|  62|0x0000000744800000, 0x0000000744800000, 0x0000000744900000|  0%| F|  |TAMS 0x0000000744800000, 0x0000000744800000| Untracked 
|  63|0x0000000744900000, 0x0000000744900000, 0x0000000744a00000|  0%| F|  |TAMS 0x0000000744900000, 0x0000000744900000| Untracked 
|  64|0x0000000744a00000, 0x0000000744a712c8, 0x0000000744b00000| 44%| E|  |TAMS 0x0000000744a00000, 0x0000000744a00000| Complete 
|  65|0x0000000744b00000, 0x0000000744c00000, 0x0000000744c00000|100%| E|CS|TAMS 0x0000000744b00000, 0x0000000744b00000| Complete 
|  66|0x0000000744c00000, 0x0000000744d00000, 0x0000000744d00000|100%| E|CS|TAMS 0x0000000744c00000, 0x0000000744c00000| Complete 
|  67|0x0000000744d00000, 0x0000000744e00000, 0x0000000744e00000|100%| E|CS|TAMS 0x0000000744d00000, 0x0000000744d00000| Complete 
|  68|0x0000000744e00000, 0x0000000744f00000, 0x0000000744f00000|100%| E|CS|TAMS 0x0000000744e00000, 0x0000000744e00000| Complete 
|  69|0x0000000744f00000, 0x0000000745000000, 0x0000000745000000|100%| E|CS|TAMS 0x0000000744f00000, 0x0000000744f00000| Complete 
|  70|0x0000000745000000, 0x0000000745100000, 0x0000000745100000|100%| E|CS|TAMS 0x0000000745000000, 0x0000000745000000| Complete 
|  71|0x0000000745100000, 0x0000000745200000, 0x0000000745200000|100%| E|CS|TAMS 0x0000000745100000, 0x0000000745100000| Complete 
|  72|0x0000000745200000, 0x0000000745300000, 0x0000000745300000|100%| E|CS|TAMS 0x0000000745200000, 0x0000000745200000| Complete 
|  73|0x0000000745300000, 0x0000000745400000, 0x0000000745400000|100%| E|CS|TAMS 0x0000000745300000, 0x0000000745300000| Complete 
|  74|0x0000000745400000, 0x0000000745500000, 0x0000000745500000|100%| E|  |TAMS 0x0000000745400000, 0x0000000745400000| Complete 
|  75|0x0000000745500000, 0x0000000745600000, 0x0000000745600000|100%| E|CS|TAMS 0x0000000745500000, 0x0000000745500000| Complete 
|  76|0x0000000745600000, 0x0000000745700000, 0x0000000745700000|100%| E|CS|TAMS 0x0000000745600000, 0x0000000745600000| Complete 
|  77|0x0000000745700000, 0x0000000745800000, 0x0000000745800000|100%| E|CS|TAMS 0x0000000745700000, 0x0000000745700000| Complete 
|  78|0x0000000745800000, 0x0000000745900000, 0x0000000745900000|100%| E|CS|TAMS 0x0000000745800000, 0x0000000745800000| Complete 
| 170|0x000000074b400000, 0x000000074b500000, 0x000000074b500000|100%| E|CS|TAMS 0x000000074b400000, 0x000000074b400000| Complete 
| 171|0x000000074b500000, 0x000000074b600000, 0x000000074b600000|100%| E|CS|TAMS 0x000000074b500000, 0x000000074b500000| Complete 
| 172|0x000000074b600000, 0x000000074b700000, 0x000000074b700000|100%| E|CS|TAMS 0x000000074b600000, 0x000000074b600000| Complete 
| 173|0x000000074b700000, 0x000000074b800000, 0x000000074b800000|100%| E|CS|TAMS 0x000000074b700000, 0x000000074b700000| Complete 
| 174|0x000000074b800000, 0x000000074b900000, 0x000000074b900000|100%| E|CS|TAMS 0x000000074b800000, 0x000000074b800000| Complete 
| 175|0x000000074b900000, 0x000000074ba00000, 0x000000074ba00000|100%| E|CS|TAMS 0x000000074b900000, 0x000000074b900000| Complete 
| 176|0x000000074ba00000, 0x000000074bb00000, 0x000000074bb00000|100%| E|CS|TAMS 0x000000074ba00000, 0x000000074ba00000| Complete 
| 191|0x000000074c900000, 0x000000074ca00000, 0x000000074ca00000|100%| E|CS|TAMS 0x000000074c900000, 0x000000074c900000| Complete 

Card table byte_map: [0x0000022e17a30000,0x0000022e18030000] _byte_map_base: 0x0000022e1402b000

Marking Bits (Prev, Next): (CMBitMap*) 0x0000022e7fb37458, (CMBitMap*) 0x0000022e7fb37418
 Prev Bits: [0x0000022e1b610000, 0x0000022e1e5e8000)
 Next Bits: [0x0000022e18630000, 0x0000022e1b608000)

Polling page: 0x0000022e7da00000

Metaspace:

Usage:
  Non-class:     45.01 MB capacity,    44.13 MB ( 98%) used,   724.24 KB (  2%) free+waste,   180.63 KB ( <1%) overhead. 
      Class:      7.23 MB capacity,     6.62 MB ( 92%) used,   533.61 KB (  7%) free+waste,    89.31 KB (  1%) overhead. 
       Both:     52.24 MB capacity,    50.75 MB ( 97%) used,     1.23 MB (  2%) free+waste,   269.94 KB ( <1%) overhead. 

Virtual space:
  Non-class space:       46.00 MB reserved,      45.20 MB ( 98%) committed 
      Class space:        1.00 GB reserved,       7.25 MB ( <1%) committed 
             Both:        1.04 GB reserved,      52.45 MB (  5%) committed 

Chunk freelists:
   Non-Class:  2.00 KB
       Class:  20.00 KB
        Both:  22.00 KB

MaxMetaspaceSize: 17179869184.00 GB
CompressedClassSpaceSize: 1.00 GB

CodeHeap 'non-profiled nmethods': size=238912Kb used=8505Kb max_used=8534Kb free=230406Kb
 bounds [0x0000022e08ae0000, 0x0000022e09340000, 0x0000022e17430000]
CodeHeap 'non-nmethods': size=6848Kb used=1312Kb max_used=1312Kb free=5535Kb
 bounds [0x0000022e08430000, 0x0000022e086a0000, 0x0000022e08ae0000]
 total_blobs=5881 nmethods=4898 adapters=527
 compilation: enabled
              stopped_count=0, restarted_count=0
 full_count=0

Compilation events (20 events):
Event: 23.515 Thread 0x0000022e21024000 4992       1       com.mysql.cj.CharsetMapping::getJavaEncodingForCollationIndex (38 bytes)
Event: 23.516 Thread 0x0000022e21024000 nmethod 4992 0x0000022e08fe5010 code [0x0000022e08fe51c0, 0x0000022e08fe5350]
Event: 23.516 Thread 0x0000022e21024000 4993       1       com.mysql.cj.MysqlCharset::getMatchingJavaEncoding (39 bytes)
Event: 23.516 Thread 0x0000022e21024000 nmethod 4993 0x0000022e08fe4910 code [0x0000022e08fe4ae0, 0x0000022e08fe4da0]
Event: 23.516 Thread 0x0000022e21024000 5000       1       com.mysql.cj.jdbc.ConnectionImpl::getPropertySet (5 bytes)
Event: 23.516 Thread 0x0000022e21024000 nmethod 5000 0x0000022e08fd5f90 code [0x0000022e08fd6120, 0x0000022e08fd6258]
Event: 23.516 Thread 0x0000022e21024000 5001       1       java.io.BufferedOutputStream::flushBuffer (29 bytes)
Event: 23.516 Thread 0x0000022e21024000 nmethod 5001 0x0000022e08fd5b90 code [0x0000022e08fd5d40, 0x0000022e08fd5ed0]
Event: 23.559 Thread 0x0000022e21024000 5002       1       java.io.BufferedWriter::ensureOpen (18 bytes)
Event: 23.559 Thread 0x0000022e21024000 nmethod 5002 0x0000022e08fd5710 code [0x0000022e08fd58c0, 0x0000022e08fd5ad0]
Event: 23.559 Thread 0x0000022e21024000 5003       1       java.lang.StringUTF16::checkBoundsOffCount (10 bytes)
Event: 23.559 Thread 0x0000022e21024000 nmethod 5003 0x0000022e08fd5390 code [0x0000022e08fd5540, 0x0000022e08fd5670]
Event: 23.559 Thread 0x0000022e21024000 5004  s    1       java.lang.StringBuffer::append (13 bytes)
Event: 23.559 Thread 0x0000022e21024000 nmethod 5004 0x0000022e08fd4e10 code [0x0000022e08fd4fc0, 0x0000022e08fd52f0]
Event: 23.559 Thread 0x0000022e21024000 5005       1       java.lang.String::<init> (29 bytes)
Event: 23.559 Thread 0x0000022e21024000 nmethod 5005 0x0000022e08fd4a10 code [0x0000022e08fd4ba0, 0x0000022e08fd4d58]
Event: 23.559 Thread 0x0000022e21024000 5006  s    1       java.lang.StringBuffer::append (13 bytes)
Event: 23.559 Thread 0x0000022e21024000 nmethod 5006 0x0000022e08eb3590 code [0x0000022e08eb3740, 0x0000022e08eb3a70]
Event: 23.742 Thread 0x0000022e21024000 5008       1       java.lang.ClassLoaderHelper::mapAlternativeName (2 bytes)
Event: 23.743 Thread 0x0000022e21024000 nmethod 5008 0x0000022e08b64390 code [0x0000022e08b64520, 0x0000022e08b64618]

GC Heap History (20 events):
Event: 5.144 GC heap before
{Heap before GC invocations=9 (full 0):
 garbage-first heap   total 61440K, used 41170K [0x0000000740a00000, 0x0000000800000000)
  region size 1024K, 29 young (29696K), 5 survivors (5120K)
 Metaspace       used 25479K, capacity 26562K, committed 26624K, reserved 1073152K
  class space    used 3396K, capacity 3807K, committed 3840K, reserved 1048576K
}
Event: 5.153 GC heap after
{Heap after GC invocations=10 (full 0):
 garbage-first heap   total 61440K, used 18537K [0x0000000740a00000, 0x0000000800000000)
  region size 1024K, 3 young (3072K), 3 survivors (3072K)
 Metaspace       used 25479K, capacity 26562K, committed 26624K, reserved 1073152K
  class space    used 3396K, capacity 3807K, committed 3840K, reserved 1048576K
}
Event: 5.159 GC heap before
{Heap before GC invocations=10 (full 0):
 garbage-first heap   total 61440K, used 43113K [0x0000000740a00000, 0x0000000800000000)
  region size 1024K, 28 young (28672K), 3 survivors (3072K)
 Metaspace       used 25479K, capacity 26562K, committed 26624K, reserved 1073152K
  class space    used 3396K, capacity 3807K, committed 3840K, reserved 1048576K
}
Event: 5.165 GC heap after
{Heap after GC invocations=11 (full 0):
 garbage-first heap   total 73728K, used 19022K [0x0000000740a00000, 0x0000000800000000)
  region size 1024K, 2 young (2048K), 2 survivors (2048K)
 Metaspace       used 25479K, capacity 26562K, committed 26624K, reserved 1073152K
  class space    used 3396K, capacity 3807K, committed 3840K, reserved 1048576K
}
Event: 5.511 GC heap before
{Heap before GC invocations=11 (full 0):
 garbage-first heap   total 73728K, used 51790K [0x0000000740a00000, 0x0000000800000000)
  region size 1024K, 35 young (35840K), 2 survivors (2048K)
 Metaspace       used 26470K, capacity 27653K, committed 27904K, reserved 1073152K
  class space    used 3535K, capacity 3999K, committed 4096K, reserved 1048576K
}
Event: 5.513 GC heap after
{Heap after GC invocations=12 (full 0):
 garbage-first heap   total 73728K, used 19265K [0x0000000740a00000, 0x0000000800000000)
  region size 1024K, 2 young (2048K), 2 survivors (2048K)
 Metaspace       used 26470K, capacity 27653K, committed 27904K, reserved 1073152K
  class space    used 3535K, capacity 3999K, committed 4096K, reserved 1048576K
}
Event: 6.105 GC heap before
{Heap before GC invocations=12 (full 0):
 garbage-first heap   total 73728K, used 54081K [0x0000000740a00000, 0x0000000800000000)
  region size 1024K, 36 young (36864K), 2 survivors (2048K)
 Metaspace       used 32400K, capacity 33550K, committed 33792K, reserved 1079296K
  class space    used 4285K, capacity 4746K, committed 4864K, reserved 1048576K
}
Event: 6.109 GC heap after
{Heap after GC invocations=13 (full 0):
 garbage-first heap   total 73728K, used 21951K [0x0000000740a00000, 0x0000000800000000)
  region size 1024K, 5 young (5120K), 5 survivors (5120K)
 Metaspace       used 32400K, capacity 33550K, committed 33792K, reserved 1079296K
  class space    used 4285K, capacity 4746K, committed 4864K, reserved 1048576K
}
Event: 6.341 GC heap before
{Heap before GC invocations=13 (full 0):
 garbage-first heap   total 73728K, used 32191K [0x0000000740a00000, 0x0000000800000000)
  region size 1024K, 16 young (16384K), 5 survivors (5120K)
 Metaspace       used 34655K, capacity 35723K, committed 35840K, reserved 1079296K
  class space    used 4675K, capacity 5108K, committed 5120K, reserved 1048576K
}
Event: 6.346 GC heap after
{Heap after GC invocations=14 (full 0):
 garbage-first heap   total 73728K, used 22868K [0x0000000740a00000, 0x0000000800000000)
  region size 1024K, 1 young (1024K), 1 survivors (1024K)
 Metaspace       used 34655K, capacity 35723K, committed 35840K, reserved 1079296K
  class space    used 4675K, capacity 5108K, committed 5120K, reserved 1048576K
}
Event: 6.781 GC heap before
{Heap before GC invocations=15 (full 0):
 garbage-first heap   total 73728K, used 53588K [0x0000000740a00000, 0x0000000800000000)
  region size 1024K, 31 young (31744K), 1 survivors (1024K)
 Metaspace       used 39927K, capacity 41105K, committed 41420K, reserved 1085440K
  class space    used 5352K, capacity 5816K, committed 5888K, reserved 1048576K
}
Event: 6.785 GC heap after
{Heap after GC invocations=16 (full 0):
 garbage-first heap   total 73728K, used 23706K [0x0000000740a00000, 0x0000000800000000)
  region size 1024K, 2 young (2048K), 2 survivors (2048K)
 Metaspace       used 39927K, capacity 41105K, committed 41420K, reserved 1085440K
  class space    used 5352K, capacity 5816K, committed 5888K, reserved 1048576K
}
Event: 6.998 GC heap before
{Heap before GC invocations=17 (full 0):
 garbage-first heap   total 73728K, used 54426K [0x0000000740a00000, 0x0000000800000000)
  region size 1024K, 32 young (32768K), 2 survivors (2048K)
 Metaspace       used 40685K, capacity 41854K, committed 42060K, reserved 1085440K
  class space    used 5429K, capacity 5891K, committed 6016K, reserved 1048576K
}
Event: 7.001 GC heap after
{Heap after GC invocations=18 (full 0):
 garbage-first heap   total 73728K, used 24690K [0x0000000740a00000, 0x0000000800000000)
  region size 1024K, 3 young (3072K), 3 survivors (3072K)
 Metaspace       used 40685K, capacity 41854K, committed 42060K, reserved 1085440K
  class space    used 5429K, capacity 5891K, committed 6016K, reserved 1048576K
}
Event: 7.212 GC heap before
{Heap before GC invocations=18 (full 0):
 garbage-first heap   total 73728K, used 55410K [0x0000000740a00000, 0x0000000800000000)
  region size 1024K, 33 young (33792K), 3 survivors (3072K)
 Metaspace       used 41554K, capacity 42732K, committed 42828K, reserved 1085440K
  class space    used 5545K, capacity 6011K, committed 6016K, reserved 1048576K
}
Event: 7.216 GC heap after
{Heap after GC invocations=19 (full 0):
 garbage-first heap   total 73728K, used 25741K [0x0000000740a00000, 0x0000000800000000)
  region size 1024K, 4 young (4096K), 4 survivors (4096K)
 Metaspace       used 41554K, capacity 42732K, committed 42828K, reserved 1085440K
  class space    used 5545K, capacity 6011K, committed 6016K, reserved 1048576K
}
Event: 7.617 GC heap before
{Heap before GC invocations=19 (full 0):
 garbage-first heap   total 73728K, used 56461K [0x0000000740a00000, 0x0000000800000000)
  region size 1024K, 34 young (34816K), 4 survivors (4096K)
 Metaspace       used 44986K, capacity 46382K, committed 46540K, reserved 1089536K
  class space    used 6003K, capacity 6550K, committed 6656K, reserved 1048576K
}
Event: 7.622 GC heap after
{Heap after GC invocations=20 (full 0):
 garbage-first heap   total 89088K, used 27753K [0x0000000740a00000, 0x0000000800000000)
  region size 1024K, 4 young (4096K), 4 survivors (4096K)
 Metaspace       used 44986K, capacity 46382K, committed 46540K, reserved 1089536K
  class space    used 6003K, capacity 6550K, committed 6656K, reserved 1048576K
}
Event: 16.840 GC heap before
{Heap before GC invocations=20 (full 0):
 garbage-first heap   total 89088K, used 63593K [0x0000000740a00000, 0x0000000800000000)
  region size 1024K, 40 young (40960K), 4 survivors (4096K)
 Metaspace       used 48929K, capacity 50446K, committed 50636K, reserved 1093632K
  class space    used 6466K, capacity 7052K, committed 7168K, reserved 1048576K
}
Event: 16.847 GC heap after
{Heap after GC invocations=21 (full 0):
 garbage-first heap   total 89088K, used 29634K [0x0000000740a00000, 0x0000000800000000)
  region size 1024K, 4 young (4096K), 4 survivors (4096K)
 Metaspace       used 48929K, capacity 50446K, committed 50636K, reserved 1093632K
  class space    used 6466K, capacity 7052K, committed 7168K, reserved 1048576K
}

Deoptimization events (6 events):
Event: 7.361 Thread 0x0000022e7fadf000 DEOPT PACKING pc=0x0000022e08e42fab sp=0x0000008e864fe110
Event: 7.361 Thread 0x0000022e7fadf000 DEOPT UNPACKING pc=0x0000022e0847964e sp=0x0000008e864fd618 mode 3
Event: 7.361 Thread 0x0000022e7fadf000 DEOPT PACKING pc=0x0000022e08e394b6 sp=0x0000008e864fe0d0
Event: 7.361 Thread 0x0000022e7fadf000 DEOPT UNPACKING pc=0x0000022e0847964e sp=0x0000008e864fd618 mode 3
Event: 16.997 Thread 0x0000022e24689800 DEOPT PACKING pc=0x0000022e08c6182c sp=0x0000008e885fbcb0
Event: 16.997 Thread 0x0000022e24689800 DEOPT UNPACKING pc=0x0000022e0847964e sp=0x0000008e885fb1d8 mode 0

Classes unloaded (0 events):
No events

Classes redefined (0 events):
No events

Internal exceptions (20 events):
Event: 7.797 Thread 0x0000022e7fadf000 Exception <a 'java/lang/ClassNotFoundException'{0x0000000745283990}: org/springframework/beans/factory/DisposableBeanCustomizer> (0x0000000745283990) 
thrown [t:/workspace/open/src/hotspot/share/classfile/systemDictionary.cpp, line 232]
Event: 7.875 Thread 0x0000022e7fadf000 Exception <a 'java/lang/NoSuchMethodError'{0x0000000744c1d068}: 'java.lang.Object java.lang.invoke.DirectMethodHandle$Holder.invokeSpecial(java.lang.Object, java.lang.Object, int, java.lang.Object, int, java.lang.Object)'> (0x0000000744c1d068) 
thrown [t:/workspace/open/src/hotspot/share/interpreter/linkResolver.cpp, line 767]
Event: 7.875 Thread 0x0000022e7fadf000 Exception <a 'java/lang/NoSuchMethodError'{0x0000000744c23c18}: 'java.lang.Object java.lang.invoke.DirectMethodHandle$Holder.invokeStatic(java.lang.Object, java.lang.Object, int, java.lang.Object, int)'> (0x0000000744c23c18) 
thrown [t:/workspace/open/src/hotspot/share/interpreter/linkResolver.cpp, line 767]
Event: 7.875 Thread 0x0000022e7fadf000 Exception <a 'java/lang/NoSuchMethodError'{0x0000000744c26fc8}: 'java.lang.Object java.lang.invoke.DirectMethodHandle$Holder.invokeSpecial(java.lang.Object, java.lang.Object, java.lang.Object, int, java.lang.Object, int)'> (0x0000000744c26fc8) 
thrown [t:/workspace/open/src/hotspot/share/interpreter/linkResolver.cpp, line 767]
Event: 7.876 Thread 0x0000022e7fadf000 Exception <a 'java/lang/NoSuchMethodError'{0x0000000744c33020}: 'void java.lang.invoke.DirectMethodHandle$Holder.invokeVirtual(java.lang.Object, java.lang.Object)'> (0x0000000744c33020) 
thrown [t:/workspace/open/src/hotspot/share/interpreter/linkResolver.cpp, line 767]
Event: 16.910 Thread 0x0000022e24689800 Exception <a 'java/lang/NoSuchMethodError'{0x000000074b88f8f8}: 'void java.lang.invoke.DirectMethodHandle$Holder.invokeSpecial(java.lang.Object, java.lang.Object, java.lang.Object, java.lang.Object, java.lang.Object, java.lang.Object, java.lang.Object)'> (0x000000074b88f8f8) 
thrown [t:/workspace/open/src/hotspot/share/interpreter/linkResolver.cpp, line 767]
Event: 23.490 Thread 0x0000022e24bbd000 Exception <a 'java/lang/ClassNotFoundException'{0x0000000744da56c8}: java/util/MapBeanInfo> (0x0000000744da56c8) 
thrown [t:/workspace/open/src/hotspot/share/classfile/systemDictionary.cpp, line 232]
Event: 23.490 Thread 0x0000022e24bbd000 Exception <a 'java/lang/ClassNotFoundException'{0x0000000744da6968}: java/util/MapCustomizer> (0x0000000744da6968) 
thrown [t:/workspace/open/src/hotspot/share/classfile/systemDictionary.cpp, line 232]
Event: 23.499 Thread 0x0000022e24bbd000 Exception <a 'java/lang/ClassNotFoundException'{0x0000000744c4aa28}: com/baomidou/mybatisplus/core/conditions/query/QueryWrapperBeanInfo> (0x0000000744c4aa28) 
thrown [t:/workspace/open/src/hotspot/share/classfile/systemDictionary.cpp, line 232]
Event: 23.499 Thread 0x0000022e24bbd000 Exception <a 'java/lang/ClassNotFoundException'{0x0000000744c60fa8}: com/baomidou/mybatisplus/core/conditions/AbstractWrapperBeanInfo> (0x0000000744c60fa8) 
thrown [t:/workspace/open/src/hotspot/share/classfile/systemDictionary.cpp, line 232]
Event: 23.500 Thread 0x0000022e24bbd000 Exception <a 'java/lang/ClassNotFoundException'{0x0000000744c75f58}: com/baomidou/mybatisplus/core/conditions/WrapperBeanInfo> (0x0000000744c75f58) 
thrown [t:/workspace/open/src/hotspot/share/classfile/systemDictionary.cpp, line 232]
Event: 23.500 Thread 0x0000022e24bbd000 Exception <a 'java/lang/ClassNotFoundException'{0x0000000744c771e8}: java/lang/ObjectBeanInfo> (0x0000000744c771e8) 
thrown [t:/workspace/open/src/hotspot/share/classfile/systemDictionary.cpp, line 232]
Event: 23.500 Thread 0x0000022e24bbd000 Exception <a 'java/lang/ClassNotFoundException'{0x0000000744c78450}: java/lang/ObjectCustomizer> (0x0000000744c78450) 
thrown [t:/workspace/open/src/hotspot/share/classfile/systemDictionary.cpp, line 232]
Event: 23.501 Thread 0x0000022e24bbd000 Exception <a 'java/lang/ClassNotFoundException'{0x0000000744c913d8}: com/baomidou/mybatisplus/core/conditions/WrapperCustomizer> (0x0000000744c913d8) 
thrown [t:/workspace/open/src/hotspot/share/classfile/systemDictionary.cpp, line 232]
Event: 23.502 Thread 0x0000022e24bbd000 Exception <a 'java/lang/ClassNotFoundException'{0x0000000744caef60}: com/baomidou/mybatisplus/core/conditions/AbstractWrapperCustomizer> (0x0000000744caef60) 
thrown [t:/workspace/open/src/hotspot/share/classfile/systemDictionary.cpp, line 232]
Event: 23.506 Thread 0x0000022e24bbd000 Exception <a 'java/lang/ClassNotFoundException'{0x0000000744b10908}: com/baomidou/mybatisplus/core/conditions/query/QueryWrapperCustomizer> (0x0000000744b10908) 
thrown [t:/workspace/open/src/hotspot/share/classfile/systemDictionary.cpp, line 232]
Event: 23.559 Thread 0x0000022e24bbd000 Exception <a 'java/io/FileNotFoundException'{0x0000000744be1540}> (0x0000000744be1540) 
thrown [t:/workspace/open/src/hotspot/share/prims/jni.cpp, line 598]
Event: 23.638 Thread 0x0000022e24bbd000 Exception <a 'java/io/FileNotFoundException'{0x0000000744bf6460}> (0x0000000744bf6460) 
thrown [t:/workspace/open/src/hotspot/share/prims/jni.cpp, line 598]
Event: 23.646 Thread 0x0000022e24bbd000 Exception <a 'java/io/FileNotFoundException'{0x0000000744a08200}> (0x0000000744a08200) 
thrown [t:/workspace/open/src/hotspot/share/prims/jni.cpp, line 598]
Event: 23.725 Thread 0x0000022e24bbd000 Exception <a 'java/io/FileNotFoundException'{0x0000000744a1cc60}> (0x0000000744a1cc60) 
thrown [t:/workspace/open/src/hotspot/share/prims/jni.cpp, line 598]

Events (20 events):
Event: 23.551 Loaded shared library C:\Program Files\Java\jdk1.8.0_231\jre\bin\rxtxSerial.dll
Event: 23.551 loading class gnu/io/RXTXVersion
Event: 23.551 loading class gnu/io/RXTXVersion done
Event: 23.725 loading class gnu/io/CommPortEnumerator
Event: 23.725 loading class gnu/io/CommPortEnumerator done
Event: 23.726 loading class gnu/io/RXTXPort
Event: 23.726 loading class gnu/io/RXTXPort done
Event: 23.727 loading class gnu/io/SerialPort
Event: 23.727 loading class gnu/io/SerialPort done
Event: 23.727 loading class gnu/io/CommPort
Event: 23.727 loading class gnu/io/CommPort done
Event: 23.738 loading class gnu/io/Zystem
Event: 23.738 loading class gnu/io/Zystem done
Event: 23.746 loading class gnu/io/RXTXPort$SerialOutputStream
Event: 23.746 loading class gnu/io/RXTXPort$SerialOutputStream done
Event: 23.746 loading class gnu/io/RXTXPort$SerialInputStream
Event: 23.746 loading class gnu/io/RXTXPort$SerialInputStream done
Event: 23.776 loading class gnu/io/RXTXPort$MonitorThread
Event: 23.776 loading class gnu/io/RXTXPort$MonitorThread done
Event: 23.777 Thread 0x0000022e24bbb800 Thread added: 0x0000022e24bbb800


Dynamic libraries:
0x00007ff6b90f0000 - 0x00007ff6b90ff000 	C:\Program Files\Java\jdk-13.0.1\bin\java.exe
0x00007ffa2d1e0000 - 0x00007ffa2d3d0000 	C:\WINDOWS\SYSTEM32\ntdll.dll
0x00007ffa2c3c0000 - 0x00007ffa2c472000 	C:\WINDOWS\System32\KERNEL32.DLL
0x00007ffa2ad90000 - 0x00007ffa2b035000 	C:\WINDOWS\System32\KERNELBASE.dll
0x00007ffa2a4a0000 - 0x00007ffa2a59a000 	C:\WINDOWS\System32\ucrtbase.dll
0x00007ffa20700000 - 0x00007ffa20715000 	C:\Program Files\Java\jdk-13.0.1\bin\VCRUNTIME140.dll
0x00007ffa22110000 - 0x00007ffa22128000 	C:\Program Files\Java\jdk-13.0.1\bin\jli.dll
0x00007ffa2b5e0000 - 0x00007ffa2b683000 	C:\WINDOWS\System32\ADVAPI32.dll
0x00007ffa2c090000 - 0x00007ffa2c12e000 	C:\WINDOWS\System32\msvcrt.dll
0x00007ffa2c660000 - 0x00007ffa2c6f7000 	C:\WINDOWS\System32\sechost.dll
0x00007ffa2ccf0000 - 0x00007ffa2ce10000 	C:\WINDOWS\System32\RPCRT4.dll
0x00007ffa2c130000 - 0x00007ffa2c2c4000 	C:\WINDOWS\System32\USER32.dll
0x00007ffa2b0f0000 - 0x00007ffa2b111000 	C:\WINDOWS\System32\win32u.dll
0x00007ffa2cf40000 - 0x00007ffa2cf66000 	C:\WINDOWS\System32\GDI32.dll
0x00007ffa2a110000 - 0x00007ffa2a2a6000 	C:\WINDOWS\System32\gdi32full.dll
0x00007ffa2a070000 - 0x00007ffa2a10e000 	C:\WINDOWS\System32\msvcp_win.dll
0x00007ffa299c0000 - 0x00007ffa299ca000 	C:\WINDOWS\SYSTEM32\VERSION.dll
0x00007ffa178c0000 - 0x00007ffa17b44000 	C:\WINDOWS\WinSxS\amd64_microsoft.windows.common-controls_6595b64144ccf1df_6.0.18362.1256_none_9e7e379be45e40e2\COMCTL32.dll
0x00007ffa2b1b0000 - 0x00007ffa2b4e6000 	C:\WINDOWS\System32\combase.dll
0x00007ffa2b120000 - 0x00007ffa2b1a1000 	C:\WINDOWS\System32\bcryptPrimitives.dll
0x00007ffa2c700000 - 0x00007ffa2c72e000 	C:\WINDOWS\System32\IMM32.DLL
0x00007ffa05900000 - 0x00007ffa0599b000 	C:\Program Files\Java\jdk-13.0.1\bin\msvcp140.dll
0x00007ff9e83f0000 - 0x00007ff9e8f56000 	C:\Program Files\Java\jdk-13.0.1\bin\server\jvm.dll
0x00007ffa2a470000 - 0x00007ffa2a494000 	C:\WINDOWS\System32\WINMM.dll
0x00007ffa29e40000 - 0x00007ffa29e6d000 	C:\WINDOWS\System32\WINMMBASE.dll
0x00007ffa2ad40000 - 0x00007ffa2ad8a000 	C:\WINDOWS\System32\cfgmgr32.dll
0x00007ffa2cec0000 - 0x00007ffa2cec8000 	C:\WINDOWS\System32\PSAPI.DLL
0x00007ffa1c600000 - 0x00007ffa1c609000 	C:\WINDOWS\SYSTEM32\WSOCK32.dll
0x00007ffa2ced0000 - 0x00007ffa2cf3f000 	C:\WINDOWS\System32\WS2_32.dll
0x00007ffa29ea0000 - 0x00007ffa29eb1000 	C:\WINDOWS\System32\kernel.appcore.dll
0x00007ffa25c80000 - 0x00007ffa25c90000 	C:\Program Files\Java\jdk-13.0.1\bin\verify.dll
0x00007ffa1ac40000 - 0x00007ffa1ae34000 	C:\WINDOWS\SYSTEM32\DBGHELP.DLL
0x00007ffa1abe0000 - 0x00007ffa1ac0a000 	C:\WINDOWS\SYSTEM32\dbgcore.DLL
0x00007ffa206d0000 - 0x00007ffa206f6000 	C:\Program Files\Java\jdk-13.0.1\bin\java.dll
0x00007ffa20670000 - 0x00007ffa2067e000 	C:\Program Files\Java\jdk-13.0.1\bin\instrument.dll
0x00007ffa206b0000 - 0x00007ffa206c7000 	C:\Program Files\Java\jdk-13.0.1\bin\zip.dll
0x00007ffa206a0000 - 0x00007ffa206aa000 	C:\Program Files\Java\jdk-13.0.1\bin\jimage.dll
0x00007ffa2b690000 - 0x00007ffa2bd77000 	C:\WINDOWS\System32\SHELL32.dll
0x00007ffa2cc40000 - 0x00007ffa2cce9000 	C:\WINDOWS\System32\shcore.dll
0x00007ffa2a5b0000 - 0x00007ffa2ad31000 	C:\WINDOWS\System32\windows.storage.dll
0x00007ffa29e70000 - 0x00007ffa29e93000 	C:\WINDOWS\System32\profapi.dll
0x00007ffa2b040000 - 0x00007ffa2b08a000 	C:\WINDOWS\System32\powrprof.dll
0x00007ffa29ee0000 - 0x00007ffa29ef0000 	C:\WINDOWS\System32\UMPDC.dll
0x00007ffa2d0d0000 - 0x00007ffa2d122000 	C:\WINDOWS\System32\shlwapi.dll
0x00007ffa2a450000 - 0x00007ffa2a467000 	C:\WINDOWS\System32\cryptsp.dll
0x00007ffa20680000 - 0x00007ffa20699000 	C:\Program Files\Java\jdk-13.0.1\bin\net.dll
0x00007ffa25310000 - 0x00007ffa25400000 	C:\WINDOWS\SYSTEM32\WINHTTP.dll
0x00007ffa295c0000 - 0x00007ffa29627000 	C:\WINDOWS\system32\mswsock.dll
0x00007ffa20520000 - 0x00007ffa20533000 	C:\Program Files\Java\jdk-13.0.1\bin\nio.dll
0x00007ffa1db80000 - 0x00007ffa1db9a000 	C:\Program Files\JetBrains\IntelliJ IDEA 2021.1.1\bin\breakgen64.dll
0x00007ffa29310000 - 0x00007ffa293db000 	C:\WINDOWS\SYSTEM32\DNSAPI.dll
0x00007ffa2c7b0000 - 0x00007ffa2c7b8000 	C:\WINDOWS\System32\NSI.dll
0x00007ffa292d0000 - 0x00007ffa2930a000 	C:\WINDOWS\SYSTEM32\IPHLPAPI.DLL
0x00007ffa25840000 - 0x00007ffa2584a000 	C:\Windows\System32\rasadhlp.dll
0x00007ffa25a20000 - 0x00007ffa25a97000 	C:\WINDOWS\System32\fwpuclnt.dll
0x00007ffa2a040000 - 0x00007ffa2a066000 	C:\WINDOWS\System32\bcrypt.dll
0x00007ffa205c0000 - 0x00007ffa205c9000 	C:\Program Files\Java\jdk-13.0.1\bin\management.dll
0x00007ffa1dba0000 - 0x00007ffa1dbab000 	C:\Program Files\Java\jdk-13.0.1\bin\management_ext.dll
0x00007ffa29130000 - 0x00007ffa29163000 	C:\WINDOWS\system32\rsaenh.dll
0x00007ffa29d60000 - 0x00007ffa29d85000 	C:\WINDOWS\SYSTEM32\USERENV.dll
0x00007ffa29790000 - 0x00007ffa2979c000 	C:\WINDOWS\SYSTEM32\CRYPTBASE.dll
0x00007ffa25b00000 - 0x00007ffa25b16000 	C:\WINDOWS\SYSTEM32\dhcpcsvc6.DLL
0x00007ffa25bd0000 - 0x00007ffa25bec000 	C:\WINDOWS\SYSTEM32\dhcpcsvc.DLL
0x00007ffa1bf80000 - 0x00007ffa1bf96000 	C:\WINDOWS\system32\napinsp.dll
0x00007ffa1bf60000 - 0x00007ffa1bf7a000 	C:\WINDOWS\system32\pnrpnsp.dll
0x00007ffa1bc10000 - 0x00007ffa1bc1e000 	C:\WINDOWS\System32\winrnr.dll
0x00007ffa26340000 - 0x00007ffa2635c000 	C:\WINDOWS\system32\NLAapi.dll
0x00007ffa1bbf0000 - 0x00007ffa1bc05000 	C:\WINDOWS\system32\wshbth.dll
0x0000000180000000 - 0x0000000180025000 	C:\Program Files\Java\jdk1.8.0_231\jre\bin\rxtxSerial.dll

dbghelp: loaded successfully - version: 4.0.5 - missing functions: none
symbol engine: initialized successfully - sym options: 0x614 - pdb path: .;C:\Program Files\Java\jdk-13.0.1\bin;C:\WINDOWS\SYSTEM32;C:\WINDOWS\WinSxS\amd64_microsoft.windows.common-controls_6595b64144ccf1df_6.0.18362.1256_none_9e7e379be45e40e2;C:\Program Files\Java\jdk-13.0.1\bin\server;C:\Program Files\JetBrains\IntelliJ IDEA 2021.1.1\bin;C:\Program Files\Java\jdk1.8.0_231\jre\bin

VM Arguments:
jvm_args: -Djava.awt.headless=false -XX:TieredStopAtLevel=1 -Xverify:none -Dspring.output.ansi.enabled=always -javaagent:C:\Program Files\JetBrains\IntelliJ IDEA 2021.1.1\lib\idea_rt.jar=58694:C:\Program Files\JetBrains\IntelliJ IDEA 2021.1.1\bin -Dcom.sun.management.jmxremote -Dspring.jmx.enabled=true -Dspring.liveBeansView.mbeanDomain -Dspring.application.admin.enabled=true -Dfile.encoding=UTF-8 
java_command: com.example.checknut.CheckNutApplication
java_class_path (initial): C:\Users\Fan\IdeaProjects\checkNut\target\classes;C:\Users\Fan\IdeaProjects\checkNut\src\main\resources\lib\opencv-452.jar;C:\Users\Fan\IdeaProjects\checkNut\src\main\resources\lib\rxtx-2.1.7.jar;C:\Users\Fan\IdeaProjects\checkNut\src\main\resources\lib\RXTXcomm.jar;C:\Users\Fan\.m2\repository\org\springframework\boot\spring-boot-starter-data-jpa\2.5.2\spring-boot-starter-data-jpa-2.5.2.jar;C:\Users\Fan\.m2\repository\org\springframework\boot\spring-boot-starter-aop\2.5.2\spring-boot-starter-aop-2.5.2.jar;C:\Users\Fan\.m2\repository\org\springframework\spring-aop\5.3.8\spring-aop-5.3.8.jar;C:\Users\Fan\.m2\repository\org\aspectj\aspectjweaver\1.9.6\aspectjweaver-1.9.6.jar;C:\Users\Fan\.m2\repository\jakarta\transaction\jakarta.transaction-api\1.3.3\jakarta.transaction-api-1.3.3.jar;C:\Users\Fan\.m2\repository\jakarta\persistence\jakarta.persistence-api\2.2.3\jakarta.persistence-api-2.2.3.jar;C:\Users\Fan\.m2\repository\org\hibernate\hibernate-core\5.4.32.Final\hibernate-core-5.4.32.Final.jar;C:\Users\Fan\.m2\repository\org\jboss\logging\jboss-logging\3.4.2.Final\jboss-logging-3.4.2.Final.jar;C:\Users\Fan\.m2\repository\org\javassist\javassist\3.27.0-GA\javassist-3.27.0-GA.jar;C:\Users\Fan\.m2\repository\net\bytebuddy\byte-buddy\1.10.22\byte-buddy-1.10.22.jar;C:\Users\Fan\.m2\repository\antlr\antlr\2.7.7\antlr-2.7.7.jar;C:\Users\Fan\.m2\repository\org\jboss\jandex\2.2.3.Final\jandex-2.2.3.Final.jar;C:\Users\Fan\.m2\repository\com\fasterxml\classmate\1.5.1\classmate-1.5.1.jar;C:\Users\Fan\.m2\repository\org\dom4j\dom4j\2.1.3\dom4j-2.1.3.jar;C:\Users\Fan\.m2\repository\org\hibernate\common\hibernate-commons-annotations\5.1.2.Final\hibernate-commons-annotations-5.1.2.Final.jar;C:\Users\Fan\.m2\repository\org\glassfish\jaxb\jaxb-runtime\2.3.4\jaxb-runtime-2.3.4.jar;C:\Users\Fan\.m2\repository\org\glassfish\jaxb\txw2\2.3.4\txw2-2.3.4.jar;C:\Users\Fan\.m2\repository\com\sun\istack\istack-commons-runtime\3.0.12\istack-commons-runtime-3.0.12.jar;
Launcher Type: SUN_STANDARD

[Global flags]
     intx CICompilerCount                          = 3                                         {product} {ergonomic}
     uint ConcGCThreads                            = 1                                         {product} {ergonomic}
     uint G1ConcRefinementThreads                  = 4                                         {product} {ergonomic}
   size_t G1HeapRegionSize                         = 1048576                                   {product} {ergonomic}
    uintx GCDrainStackTargetSize                   = 64                                        {product} {ergonomic}
   size_t InitialHeapSize                          = 201326592                                 {product} {ergonomic}
     bool ManagementServer                         = true                                      {product} {command line}
   size_t MarkStackSize                            = 4194304                                   {product} {ergonomic}
   size_t MaxHeapSize                              = 3210739712                                {product} {ergonomic}
   size_t MaxNewSize                               = 1926234112                                {product} {ergonomic}
   size_t MinHeapDeltaBytes                        = 1048576                                   {product} {ergonomic}
   size_t MinHeapSize                              = 8388608                                   {product} {ergonomic}
    uintx NonNMethodCodeHeapSize                   = 6973028                                {pd product} {ergonomic}
    uintx NonProfiledCodeHeapSize                  = 244685212                              {pd product} {ergonomic}
    uintx ProfiledCodeHeapSize                     = 0                                      {pd product} {ergonomic}
    uintx ReservedCodeCacheSize                    = 251658240                              {pd product} {ergonomic}
     bool SegmentedCodeCache                       = true                                      {product} {ergonomic}
   size_t SoftMaxHeapSize                          = 3210739712                             {manageable} {ergonomic}
     intx TieredStopAtLevel                        = 1                                         {product} {command line}
     bool UseCompressedClassPointers               = true                                 {lp64_product} {ergonomic}
     bool UseCompressedOops                        = true                                 {lp64_product} {ergonomic}
     bool UseG1GC                                  = true                                      {product} {ergonomic}
     bool UseLargePagesIndividualAllocation        = false                                  {pd product} {ergonomic}

Logging:
Log output configuration:
 #0: stdout all=warning uptime,level,tags
 #1: stderr all=off uptime,level,tags

Environment Variables:
JAVA_HOME=C:\Program Files\Java\jdk1.8.0_231
CLASSPATH=.;C:\Program Files\Java\jdk1.8.0_231\lib\dt.jar;C:\Program Files\Java\jdk1.8.0_231\lib\tools.jar;C:\Program Files\Java\jdk1.8.0_231\faraway\utils;
PATH=C:\Program Files (x86)\Common Files\MVS\Runtime\Win32_i86;C:\Program Files (x86)\Common Files\MVS\Runtime\Win64_x64;C:\Program Files (x86)\NetSarang\Xftp 6\;C:\Program Files (x86)\Common Files\Oracle\Java\javapath;C:\WINDOWS\system32;C:\WINDOWS;C:\WINDOWS\System32\Wbem;C:\WINDOWS\System32\WindowsPowerShell\v1.0\;C:\Program Files (x86)\Microsoft SQL Server\80\Tools\Binn\;C:\Program Files\Git\cmd;C:\WINDOWS\System32\OpenSSH\;C:\Program Files\Java\jdk1.8.0_231\bin;C:\Program Files\Java\jdk1.8.0_231\jre\bin;C:\Program Files\nodejs\;C:\ProgramData\chocolatey\bin;C:\Program Files\MySQL\MySQL Server 8.0\bin;D:\enviorment\Redis-x64-3.2.100;D:\apache-maven-3.6.3\bin;D:\enviorment\opencv\build\x64\vc15\bin;D:\enviorment\opencv\build\java\x64;C:\Program Files (x86)\NetSarang\Xshell 7\;C:\Program Files\MySQL\MySQL Shell 8.0\bin\;C:\Users\Fan\AppData\Local\Microsoft\WindowsApps;C:\Users\Fan\AppData\Roaming\npm;C:\Users\Fan\AppData\Local\Programs\Microsoft VS Code\bin;C:\Program Files\JetBrains\IntelliJ IDEA 2021.1.1\bin;
USERNAME=Fan
OS=Windows_NT
PROCESSOR_IDENTIFIER=Intel64 Family 6 Model 58 Stepping 9, GenuineIntel



---------------  S Y S T E M  ---------------

OS: Windows 10 , 64 bit Build 18362 (10.0.18362.1110)

CPU:total 4 (initial active 4) (4 cores per cpu, 1 threads per core) family 6 model 58 stepping 9, cmov, cx8, fxsr, mmx, sse, sse2, sse3, ssse3, sse4.1, sse4.2, popcnt, avx, aes, clmul, erms, tsc, tscinvbit, tscinv

Memory: 4k page, system-wide physical 12242M (3134M free)
TotalPageFile size 24530M (AvailPageFile size 12058M)
current process WorkingSet (physical memory assigned to process): 212M, peak: 212M
current process commit charge ("private bytes"): 248M, peak: 309M

vm_info: Java HotSpot(TM) 64-Bit Server VM (13.0.1+9) for windows-amd64 JRE (13.0.1+9), built on Oct  6 2019 12:37:49 by "mach5one" with unknown MS VC++:1916

END.
